This is XeTeX, Version 3.141592653-2.6-0.999993 (TeX Live 2021/W32TeX) (preloaded format=xelatex 2021.9.23)  10 NOV 2021 14:02
entering extended mode
 restricted \write18 enabled.
 %&-line parsing enabled.
**livre_statistique_Phil_Jere_clean.tex
(./livre_statistique_Phil_Jere_clean.tex
LaTeX2e <2021-06-01> patch level 1
L3 programming layer <2021-08-27> (c:/Users/GelbJ/AppData/Roaming/TinyTeX/texmf
-dist/tex/latex/base/book.cls
Document Class: book 2021/02/12 v1.4n Standard LaTeX document class
(c:/Users/GelbJ/AppData/Roaming/TinyTeX/texmf-dist/tex/latex/base/bk11.clo
File: bk11.clo 2021/02/12 v1.4n Standard LaTeX file (size option)
)
\c@part=\count178
\c@chapter=\count179
\c@section=\count180
\c@subsection=\count181
\c@subsubsection=\count182
\c@paragraph=\count183
\c@subparagraph=\count184
\c@figure=\count185
\c@table=\count186
\abovecaptionskip=\skip47
\belowcaptionskip=\skip48
\bibindent=\dimen138
) (c:/Users/GelbJ/AppData/Roaming/TinyTeX/texmf-dist/tex/latex/lm/lmodern.sty
Package: lmodern 2015/05/01 v1.6.1 Latin Modern Fonts
LaTeX Font Info:    Overwriting symbol font `operators' in version `normal'
(Font)                  OT1/cmr/m/n --> OT1/lmr/m/n on input line 22.
LaTeX Font Info:    Overwriting symbol font `letters' in version `normal'
(Font)                  OML/cmm/m/it --> OML/lmm/m/it on input line 23.
LaTeX Font Info:    Overwriting symbol font `symbols' in version `normal'
(Font)                  OMS/cmsy/m/n --> OMS/lmsy/m/n on input line 24.
LaTeX Font Info:    Overwriting symbol font `largesymbols' in version `normal'
(Font)                  OMX/cmex/m/n --> OMX/lmex/m/n on input line 25.
LaTeX Font Info:    Overwriting symbol font `operators' in version `bold'
(Font)                  OT1/cmr/bx/n --> OT1/lmr/bx/n on input line 26.
LaTeX Font Info:    Overwriting symbol font `letters' in version `bold'
(Font)                  OML/cmm/b/it --> OML/lmm/b/it on input line 27.
LaTeX Font Info:    Overwriting symbol font `symbols' in version `bold'
(Font)                  OMS/cmsy/b/n --> OMS/lmsy/b/n on input line 28.
LaTeX Font Info:    Overwriting symbol font `largesymbols' in version `bold'
(Font)                  OMX/cmex/m/n --> OMX/lmex/m/n on input line 29.
LaTeX Font Info:    Overwriting math alphabet `\mathbf' in version `normal'
(Font)                  OT1/cmr/bx/n --> OT1/lmr/bx/n on input line 31.
LaTeX Font Info:    Overwriting math alphabet `\mathsf' in version `normal'
(Font)                  OT1/cmss/m/n --> OT1/lmss/m/n on input line 32.
LaTeX Font Info:    Overwriting math alphabet `\mathit' in version `normal'
(Font)                  OT1/cmr/m/it --> OT1/lmr/m/it on input line 33.
LaTeX Font Info:    Overwriting math alphabet `\mathtt' in version `normal'
(Font)                  OT1/cmtt/m/n --> OT1/lmtt/m/n on input line 34.
LaTeX Font Info:    Overwriting math alphabet `\mathbf' in version `bold'
(Font)                  OT1/cmr/bx/n --> OT1/lmr/bx/n on input line 35.
LaTeX Font Info:    Overwriting math alphabet `\mathsf' in version `bold'
(Font)                  OT1/cmss/bx/n --> OT1/lmss/bx/n on input line 36.
LaTeX Font Info:    Overwriting math alphabet `\mathit' in version `bold'
(Font)                  OT1/cmr/bx/it --> OT1/lmr/bx/it on input line 37.
LaTeX Font Info:    Overwriting math alphabet `\mathtt' in version `bold'
(Font)                  OT1/cmtt/m/n --> OT1/lmtt/m/n on input line 38.
)
(c:/Users/GelbJ/AppData/Roaming/TinyTeX/texmf-dist/tex/latex/amsmath/amsmath.st
y
Package: amsmath 2021/04/20 v2.17j AMS math features
\@mathmargin=\skip49
For additional information on amsmath, use the `?' option.

(c:/Users/GelbJ/AppData/Roaming/TinyTeX/texmf-dist/tex/latex/amsmath/amstext.st
y
Package: amstext 2000/06/29 v2.01 AMS text

(c:/Users/GelbJ/AppData/Roaming/TinyTeX/texmf-dist/tex/latex/amsmath/amsgen.sty
File: amsgen.sty 1999/11/30 v2.0 generic functions
\@emptytoks=\toks16
\ex@=\dimen139
))
(c:/Users/GelbJ/AppData/Roaming/TinyTeX/texmf-dist/tex/latex/amsmath/amsbsy.sty
Package: amsbsy 1999/11/29 v1.2d Bold Symbols
\pmbraise@=\dimen140
)
(c:/Users/GelbJ/AppData/Roaming/TinyTeX/texmf-dist/tex/latex/amsmath/amsopn.sty
Package: amsopn 2016/03/08 v2.02 operator names
)
\inf@bad=\count187
LaTeX Info: Redefining \frac on input line 234.
\uproot@=\count188
\leftroot@=\count189
LaTeX Info: Redefining \overline on input line 399.
\classnum@=\count190
\DOTSCASE@=\count191
LaTeX Info: Redefining \ldots on input line 496.
LaTeX Info: Redefining \dots on input line 499.
LaTeX Info: Redefining \cdots on input line 620.
\Mathstrutbox@=\box50
\strutbox@=\box51
\big@size=\dimen141
LaTeX Font Info:    Redeclaring font encoding OML on input line 743.
LaTeX Font Info:    Redeclaring font encoding OMS on input line 744.
\macc@depth=\count192
\c@MaxMatrixCols=\count193
\dotsspace@=\muskip16
\c@parentequation=\count194
\dspbrk@lvl=\count195
\tag@help=\toks17
\row@=\count196
\column@=\count197
\maxfields@=\count198
\andhelp@=\toks18
\eqnshift@=\dimen142
\alignsep@=\dimen143
\tagshift@=\dimen144
\tagwidth@=\dimen145
\totwidth@=\dimen146
\lineht@=\dimen147
\@envbody=\toks19
\multlinegap=\skip50
\multlinetaggap=\skip51
\mathdisplay@stack=\toks20
LaTeX Info: Redefining \[ on input line 2923.
LaTeX Info: Redefining \] on input line 2924.
)
(c:/Users/GelbJ/AppData/Roaming/TinyTeX/texmf-dist/tex/generic/iftex/ifxetex.st
y
Package: ifxetex 2019/10/25 v0.7 ifxetex legacy package. Use iftex instead.
(c:/Users/GelbJ/AppData/Roaming/TinyTeX/texmf-dist/tex/generic/iftex/iftex.sty
Package: iftex 2020/03/06 v1.0d TeX engine tests
))
(c:/Users/GelbJ/AppData/Roaming/TinyTeX/texmf-dist/tex/generic/iftex/ifluatex.s
ty
Package: ifluatex 2019/10/25 v1.5 ifluatex legacy package. Use iftex instead.
)
(c:/Users/GelbJ/AppData/Roaming/TinyTeX/texmf-dist/tex/latex/unicode-math/unico
de-math.sty
(c:/Users/GelbJ/AppData/Roaming/TinyTeX/texmf-dist/tex/latex/l3kernel/expl3.sty
Package: expl3 2021-08-27 L3 programming layer (loader) 

(c:/Users/GelbJ/AppData/Roaming/TinyTeX/texmf-dist/tex/latex/l3backend/l3backen
d-xetex.def
File: l3backend-xetex.def 2021-08-04 L3 backend support: XeTeX
(|extractbb --version)
\c__kernel_sys_dvipdfmx_version_int=\count199
\l__color_backend_stack_int=\count266
\g__color_backend_stack_int=\count267
\g__graphics_track_int=\count268
\l__pdf_internal_box=\box52
\g__pdf_backend_object_int=\count269
\g__pdf_backend_annotation_int=\count270
\g__pdf_backend_link_int=\count271
))
Package: unicode-math 2020/01/31 v0.8q Unicode maths in XeLaTeX and LuaLaTeX

(c:/Users/GelbJ/AppData/Roaming/TinyTeX/texmf-dist/tex/latex/unicode-math/unico
de-math-xetex.sty
Package: unicode-math-xetex 2020/01/31 v0.8q Unicode maths in XeLaTeX and LuaLa
TeX

(c:/Users/GelbJ/AppData/Roaming/TinyTeX/texmf-dist/tex/latex/l3packages/xparse/
xparse.sty
Package: xparse 2021-08-27 L3 Experimental document command parser
)
(c:/Users/GelbJ/AppData/Roaming/TinyTeX/texmf-dist/tex/latex/l3packages/l3keys2
e/l3keys2e.sty
Package: l3keys2e 2021-08-27 LaTeX2e option processing using LaTeX3 keys
)
(c:/Users/GelbJ/AppData/Roaming/TinyTeX/texmf-dist/tex/latex/fontspec/fontspec.
sty
Package: fontspec 2020/02/21 v2.7i Font selection for XeLaTeX and LuaLaTeX

(c:/Users/GelbJ/AppData/Roaming/TinyTeX/texmf-dist/tex/latex/fontspec/fontspec-
xetex.sty
Package: fontspec-xetex 2020/02/21 v2.7i Font selection for XeLaTeX and LuaLaTe
X
\l__fontspec_script_int=\count272
\l__fontspec_language_int=\count273
\l__fontspec_strnum_int=\count274
\l__fontspec_tmp_int=\count275
\l__fontspec_tmpa_int=\count276
\l__fontspec_tmpb_int=\count277
\l__fontspec_tmpc_int=\count278
\l__fontspec_em_int=\count279
\l__fontspec_emdef_int=\count280
\l__fontspec_strong_int=\count281
\l__fontspec_strongdef_int=\count282
\l__fontspec_tmpa_dim=\dimen148
\l__fontspec_tmpb_dim=\dimen149
\l__fontspec_tmpc_dim=\dimen150
(c:/Users/GelbJ/AppData/Roaming/TinyTeX/texmf-dist/tex/latex/base/fontenc.sty
Package: fontenc 2021/04/29 v2.0v Standard LaTeX package
)
(c:/Users/GelbJ/AppData/Roaming/TinyTeX/texmf-dist/tex/latex/fontspec/fontspec.
cfg))) (c:/Users/GelbJ/AppData/Roaming/TinyTeX/texmf-dist/tex/latex/base/fix-cm
.sty
Package: fix-cm 2020/11/24 v1.1t fixes to LaTeX
(c:/Users/GelbJ/AppData/Roaming/TinyTeX/texmf-dist/tex/latex/base/ts1enc.def
File: ts1enc.def 2001/06/05 v3.0e (jk/car/fm) Standard LaTeX file
LaTeX Font Info:    Redeclaring font encoding TS1 on input line 47.
))
\g__um_fam_int=\count283
\g__um_fonts_used_int=\count284
\l__um_primecount_int=\count285
\g__um_primekern_muskip=\muskip17

(c:/Users/GelbJ/AppData/Roaming/TinyTeX/texmf-dist/tex/latex/unicode-math/unico
de-math-table.tex)))

Package fontspec Info: Palatino Linotype scale = 0.8311539639799423.


Package fontspec Info: Palatino Linotype scale = 0.8311539639799423.


Package fontspec Info: Palatino Linotype scale = 0.8311539639799423.


Package fontspec Info: Palatino Linotype/B scale = 0.8311539639799423.


Package fontspec Info: Palatino Linotype/B scale = 0.8311539639799423.


Package fontspec Info: Palatino Linotype/I scale = 0.8311539639799423.


Package fontspec Info: Palatino Linotype/I scale = 0.8311539639799423.


Package fontspec Info: Palatino Linotype/BI scale = 0.8311539639799423.


Package fontspec Info: Palatino Linotype/BI scale = 0.8311539639799423.


Package fontspec Info: Font family 'PalatinoLinotype(0)' created for font
(fontspec)             'Palatino Linotype' with options
(fontspec)             [Scale=MatchLowercase,Ligatures=TeX,Scale=1].
(fontspec)              
(fontspec)              This font family consists of the following NFSS
(fontspec)             series/shapes:
(fontspec)              
(fontspec)             - 'normal' (m/n) with NFSS spec.: <->s*[1]"Palatino
(fontspec)             Linotype/OT:script=latn;language=dflt;mapping=tex-text;"

(fontspec)             - 'small caps'  (m/sc) with NFSS spec.:
(fontspec)             <->s*[1]"Palatino
(fontspec)             Linotype/OT:script=latn;language=dflt;+smcp;mapping=tex-
text;"
(fontspec)             - 'bold' (b/n) with NFSS spec.: <->s*[1]"Palatino
(fontspec)             Linotype/B/OT:script=latn;language=dflt;mapping=tex-text
;"
(fontspec)             - 'bold small caps'  (b/sc) with NFSS spec.:
(fontspec)             <->s*[1]"Palatino
(fontspec)             Linotype/B/OT:script=latn;language=dflt;+smcp;mapping=te
x-text;"
(fontspec)             - 'italic' (m/it) with NFSS spec.: <->s*[1]"Palatino
(fontspec)             Linotype/I/OT:script=latn;language=dflt;mapping=tex-text
;"
(fontspec)             - 'italic small caps'  (m/scit) with NFSS spec.:
(fontspec)             <->s*[1]"Palatino
(fontspec)             Linotype/I/OT:script=latn;language=dflt;+smcp;mapping=te
x-text;"
(fontspec)             - 'bold italic' (b/it) with NFSS spec.:
(fontspec)             <->s*[1]"Palatino
(fontspec)             Linotype/BI/OT:script=latn;language=dflt;mapping=tex-tex
t;"
(fontspec)             - 'bold italic small caps'  (b/scit) with NFSS spec.:
(fontspec)             <->s*[1]"Palatino
(fontspec)             Linotype/BI/OT:script=latn;language=dflt;+smcp;mapping=t
ex-text;"

LaTeX Font Info:    Font shape `TU/PalatinoLinotype(0)/m/n' will be
(Font)              scaled to size 10.95pt on input line 23.

Package fontspec Info: Palatino Linotype scale = 0.9999973127381585.


Package fontspec Info: Palatino Linotype scale = 0.9999973127381585.


Package fontspec Info: Palatino Linotype scale = 0.9999973127381585.


Package fontspec Info: Palatino Linotype/B scale = 0.9999973127381585.


Package fontspec Info: Palatino Linotype/B scale = 0.9999973127381585.


Package fontspec Info: Palatino Linotype/I scale = 0.9999973127381585.


Package fontspec Info: Palatino Linotype/I scale = 0.9999973127381585.


Package fontspec Info: Palatino Linotype/BI scale = 0.9999973127381585.


Package fontspec Info: Palatino Linotype/BI scale = 0.9999973127381585.


Package fontspec Info: Font family 'PalatinoLinotype(1)' created for font
(fontspec)             'Palatino Linotype' with options
(fontspec)             [Scale=MatchLowercase].
(fontspec)              
(fontspec)              This font family consists of the following NFSS
(fontspec)             series/shapes:
(fontspec)              
(fontspec)             - 'normal' (m/n) with NFSS spec.:
(fontspec)             <->s*[0.9999973127381585]"Palatino
(fontspec)             Linotype/OT:script=latn;language=dflt;"
(fontspec)             - 'small caps'  (m/sc) with NFSS spec.:
(fontspec)             <->s*[0.9999973127381585]"Palatino
(fontspec)             Linotype/OT:script=latn;language=dflt;+smcp;"
(fontspec)             - 'bold' (b/n) with NFSS spec.:
(fontspec)             <->s*[0.9999973127381585]"Palatino
(fontspec)             Linotype/B/OT:script=latn;language=dflt;"
(fontspec)             - 'bold small caps'  (b/sc) with NFSS spec.:
(fontspec)             <->s*[0.9999973127381585]"Palatino
(fontspec)             Linotype/B/OT:script=latn;language=dflt;+smcp;"
(fontspec)             - 'italic' (m/it) with NFSS spec.:
(fontspec)             <->s*[0.9999973127381585]"Palatino
(fontspec)             Linotype/I/OT:script=latn;language=dflt;"
(fontspec)             - 'italic small caps'  (m/scit) with NFSS spec.:
(fontspec)             <->s*[0.9999973127381585]"Palatino
(fontspec)             Linotype/I/OT:script=latn;language=dflt;+smcp;"
(fontspec)             - 'bold italic' (b/it) with NFSS spec.:
(fontspec)             <->s*[0.9999973127381585]"Palatino
(fontspec)             Linotype/BI/OT:script=latn;language=dflt;"
(fontspec)             - 'bold italic small caps'  (b/scit) with NFSS spec.:
(fontspec)             <->s*[0.9999973127381585]"Palatino
(fontspec)             Linotype/BI/OT:script=latn;language=dflt;+smcp;"

LaTeX Font Info:    Overwriting math alphabet `\mathrm' in version `normal'
(Font)                  OT1/lmr/m/n --> TU/PalatinoLinotype(1)/m/n on input lin
e 23.
LaTeX Font Info:    Overwriting math alphabet `\mathit' in version `normal'
(Font)                  OT1/lmr/m/it --> TU/PalatinoLinotype(1)/m/it on input l
ine 23.
LaTeX Font Info:    Overwriting math alphabet `\mathbf' in version `normal'
(Font)                  OT1/lmr/bx/n --> TU/PalatinoLinotype(1)/b/n on input li
ne 23.

Package fontspec Info: Source Code Pro scale = 1.080320387391206.


Package fontspec Info: Source Code Pro scale = 1.080320387391206.


Package fontspec Info: Source Code Pro/B scale = 1.080320387391206.


Package fontspec Info: Source Code Pro/I scale = 1.080320387391206.


Package fontspec Info: Source Code Pro/BI scale = 1.080320387391206.


Package fontspec Info: Font family 'SourceCodePro(0)' created for font 'Source
(fontspec)             Code Pro' with options
(fontspec)             [Scale=MatchLowercase,WordSpace={1,0,0},HyphenChar=None,
PunctuationSpace=WordSpace,Scale=0.8].
(fontspec)              
(fontspec)              This font family consists of the following NFSS
(fontspec)             series/shapes:
(fontspec)              
(fontspec)             - 'normal' (m/n) with NFSS spec.: <->s*[0.8]"Source
(fontspec)             Code Pro/OT:script=latn;language=dflt;"
(fontspec)             - 'small caps'  (m/sc) with NFSS spec.: 
(fontspec)             and font adjustment code:
(fontspec)             \fontdimen 2\font =1\fontdimen 2\font \fontdimen 3\font
(fontspec)             =0\fontdimen 3\font \fontdimen 4\font =0\fontdimen
(fontspec)             4\font \fontdimen 7\font =0\fontdimen 2\font
(fontspec)             \tex_hyphenchar:D \font =-1\scan_stop: 
(fontspec)             - 'bold' (b/n) with NFSS spec.: <->s*[0.8]"Source Code
(fontspec)             Pro/B/OT:script=latn;language=dflt;"
(fontspec)             - 'bold small caps'  (b/sc) with NFSS spec.: 
(fontspec)             and font adjustment code:
(fontspec)             \fontdimen 2\font =1\fontdimen 2\font \fontdimen 3\font
(fontspec)             =0\fontdimen 3\font \fontdimen 4\font =0\fontdimen
(fontspec)             4\font \fontdimen 7\font =0\fontdimen 2\font
(fontspec)             \tex_hyphenchar:D \font =-1\scan_stop: 
(fontspec)             - 'italic' (m/it) with NFSS spec.: <->s*[0.8]"Source
(fontspec)             Code Pro/I/OT:script=latn;language=dflt;"
(fontspec)             - 'italic small caps'  (m/scit) with NFSS spec.: 
(fontspec)             and font adjustment code:
(fontspec)             \fontdimen 2\font =1\fontdimen 2\font \fontdimen 3\font
(fontspec)             =0\fontdimen 3\font \fontdimen 4\font =0\fontdimen
(fontspec)             4\font \fontdimen 7\font =0\fontdimen 2\font
(fontspec)             \tex_hyphenchar:D \font =-1\scan_stop: 
(fontspec)             - 'bold italic' (b/it) with NFSS spec.:
(fontspec)             <->s*[0.8]"Source Code
(fontspec)             Pro/BI/OT:script=latn;language=dflt;"
(fontspec)             - 'bold italic small caps'  (b/scit) with NFSS spec.: 
(fontspec)             and font adjustment code:
(fontspec)             \fontdimen 2\font =1\fontdimen 2\font \fontdimen 3\font
(fontspec)             =0\fontdimen 3\font \fontdimen 4\font =0\fontdimen
(fontspec)             4\font \fontdimen 7\font =0\fontdimen 2\font
(fontspec)             \tex_hyphenchar:D \font =-1\scan_stop: 


Package fontspec Info: Source Code Pro scale = 1.080320387391206.


Package fontspec Info: Source Code Pro scale = 1.080320387391206.


Package fontspec Info: Source Code Pro/B scale = 1.080320387391206.


Package fontspec Info: Source Code Pro/I scale = 1.080320387391206.


Package fontspec Info: Source Code Pro/BI scale = 1.080320387391206.


Package fontspec Info: Font family 'SourceCodePro(1)' created for font 'Source
(fontspec)             Code Pro' with options
(fontspec)             [Scale=MatchLowercase,Scale=0.8].
(fontspec)              
(fontspec)              This font family consists of the following NFSS
(fontspec)             series/shapes:
(fontspec)              
(fontspec)             - 'normal' (m/n) with NFSS spec.: <->s*[0.8]"Source
(fontspec)             Code Pro/OT:script=latn;language=dflt;"
(fontspec)             - 'small caps'  (m/sc) with NFSS spec.: 
(fontspec)             - 'bold' (b/n) with NFSS spec.: <->s*[0.8]"Source Code
(fontspec)             Pro/B/OT:script=latn;language=dflt;"
(fontspec)             - 'bold small caps'  (b/sc) with NFSS spec.: 
(fontspec)             - 'italic' (m/it) with NFSS spec.: <->s*[0.8]"Source
(fontspec)             Code Pro/I/OT:script=latn;language=dflt;"
(fontspec)             - 'italic small caps'  (m/scit) with NFSS spec.: 
(fontspec)             - 'bold italic' (b/it) with NFSS spec.:
(fontspec)             <->s*[0.8]"Source Code
(fontspec)             Pro/BI/OT:script=latn;language=dflt;"
(fontspec)             - 'bold italic small caps'  (b/scit) with NFSS spec.: 

LaTeX Font Info:    Overwriting math alphabet `\mathtt' in version `normal'
(Font)                  OT1/lmtt/m/n --> TU/SourceCodePro(1)/m/n on input line 
24.
LaTeX Font Info:    Overwriting math alphabet `\mathtt' in version `bold'
(Font)                  OT1/lmtt/m/n --> TU/SourceCodePro(1)/b/n on input line 
24.
(c:/Users/GelbJ/AppData/Roaming/TinyTeX/texmf-dist/tex/latex/xcolor/xcolor.sty
Package: xcolor 2016/05/11 v2.12 LaTeX color extensions (UK)

(c:/Users/GelbJ/AppData/Roaming/TinyTeX/texmf-dist/tex/latex/graphics-cfg/color
.cfg
File: color.cfg 2016/01/02 v1.6 sample color configuration
)
Package xcolor Info: Driver file: xetex.def on input line 225.

(c:/Users/GelbJ/AppData/Roaming/TinyTeX/texmf-dist/tex/latex/graphics-def/xetex
.def
File: xetex.def 2021/03/18 v5.0k Graphics/color driver for xetex
)
Package xcolor Info: Model `cmy' substituted by `cmy0' on input line 1348.
Package xcolor Info: Model `RGB' extended on input line 1364.
Package xcolor Info: Model `HTML' substituted by `rgb' on input line 1366.
Package xcolor Info: Model `Hsb' substituted by `hsb' on input line 1367.
Package xcolor Info: Model `tHsb' substituted by `hsb' on input line 1368.
Package xcolor Info: Model `HSB' substituted by `hsb' on input line 1369.
Package xcolor Info: Model `Gray' substituted by `gray' on input line 1370.
Package xcolor Info: Model `wave' substituted by `hsb' on input line 1371.

(c:/Users/GelbJ/AppData/Roaming/TinyTeX/texmf-dist/tex/latex/graphics/dvipsnam.
def
File: dvipsnam.def 2016/06/17 v3.0m Driver-dependent file (DPC,SPQR)
) (c:/Users/GelbJ/AppData/Roaming/TinyTeX/texmf-dist/tex/latex/xcolor/svgnam.de
f
File: svgnam.def 2016/05/11 v2.12 Predefined colors according to SVG 1.1 (UK)
) (c:/Users/GelbJ/AppData/Roaming/TinyTeX/texmf-dist/tex/latex/xcolor/x11nam.de
f
File: x11nam.def 2016/05/11 v2.12 Predefined colors according to Unix/X11 (UK)
))
(c:/Users/GelbJ/AppData/Roaming/TinyTeX/texmf-dist/tex/latex/hyperref/hyperref.
sty
Package: hyperref 2021-06-07 v7.00m Hypertext links for LaTeX

(c:/Users/GelbJ/AppData/Roaming/TinyTeX/texmf-dist/tex/generic/ltxcmds/ltxcmds.
sty
Package: ltxcmds 2020-05-10 v1.25 LaTeX kernel commands for general use (HO)
)
(c:/Users/GelbJ/AppData/Roaming/TinyTeX/texmf-dist/tex/generic/pdftexcmds/pdfte
xcmds.sty
Package: pdftexcmds 2020-06-27 v0.33 Utility functions of pdfTeX for LuaTeX (HO
)

(c:/Users/GelbJ/AppData/Roaming/TinyTeX/texmf-dist/tex/generic/infwarerr/infwar
err.sty
Package: infwarerr 2019/12/03 v1.5 Providing info/warning/error messages (HO)
)
Package pdftexcmds Info: \pdf@primitive is available.
Package pdftexcmds Info: \pdf@ifprimitive is available.
Package pdftexcmds Info: \pdfdraftmode not found.
)
(c:/Users/GelbJ/AppData/Roaming/TinyTeX/texmf-dist/tex/latex/graphics/keyval.st
y
Package: keyval 2014/10/28 v1.15 key=value parser (DPC)
\KV@toks@=\toks21
)
(c:/Users/GelbJ/AppData/Roaming/TinyTeX/texmf-dist/tex/generic/kvsetkeys/kvsetk
eys.sty
Package: kvsetkeys 2019/12/15 v1.18 Key value parser (HO)
)
(c:/Users/GelbJ/AppData/Roaming/TinyTeX/texmf-dist/tex/generic/kvdefinekeys/kvd
efinekeys.sty
Package: kvdefinekeys 2019-12-19 v1.6 Define keys (HO)
)
(c:/Users/GelbJ/AppData/Roaming/TinyTeX/texmf-dist/tex/generic/pdfescape/pdfesc
ape.sty
Package: pdfescape 2019/12/09 v1.15 Implements pdfTeX's escape features (HO)
)
(c:/Users/GelbJ/AppData/Roaming/TinyTeX/texmf-dist/tex/latex/hycolor/hycolor.st
y
Package: hycolor 2020-01-27 v1.10 Color options for hyperref/bookmark (HO)
)
(c:/Users/GelbJ/AppData/Roaming/TinyTeX/texmf-dist/tex/latex/letltxmacro/letltx
macro.sty
Package: letltxmacro 2019/12/03 v1.6 Let assignment for LaTeX macros (HO)
)
(c:/Users/GelbJ/AppData/Roaming/TinyTeX/texmf-dist/tex/latex/auxhook/auxhook.st
y
Package: auxhook 2019-12-17 v1.6 Hooks for auxiliary files (HO)
)
(c:/Users/GelbJ/AppData/Roaming/TinyTeX/texmf-dist/tex/latex/kvoptions/kvoption
s.sty
Package: kvoptions 2020-10-07 v3.14 Key value format for package options (HO)
)
\@linkdim=\dimen151
\Hy@linkcounter=\count286
\Hy@pagecounter=\count287

(c:/Users/GelbJ/AppData/Roaming/TinyTeX/texmf-dist/tex/latex/hyperref/pd1enc.de
f
File: pd1enc.def 2021-06-07 v7.00m Hyperref: PDFDocEncoding definition (HO)
)
(c:/Users/GelbJ/AppData/Roaming/TinyTeX/texmf-dist/tex/latex/hyperref/hyperref-
langpatches.def
File: hyperref-langpatches.def 2021-06-07 v7.00m Hyperref: patches for babel la
nguages
)
(c:/Users/GelbJ/AppData/Roaming/TinyTeX/texmf-dist/tex/generic/intcalc/intcalc.
sty
Package: intcalc 2019/12/15 v1.3 Expandable calculations with integers (HO)
)
(c:/Users/GelbJ/AppData/Roaming/TinyTeX/texmf-dist/tex/generic/etexcmds/etexcmd
s.sty
Package: etexcmds 2019/12/15 v1.7 Avoid name clashes with e-TeX commands (HO)
)
\Hy@SavedSpaceFactor=\count288

(c:/Users/GelbJ/AppData/Roaming/TinyTeX/texmf-dist/tex/latex/hyperref/puenc.def
File: puenc.def 2021-06-07 v7.00m Hyperref: PDF Unicode definition (HO)
)
Package hyperref Info: Option `unicode' set `true' on input line 4073.
Package hyperref Info: Hyper figures OFF on input line 4192.
Package hyperref Info: Link nesting OFF on input line 4197.
Package hyperref Info: Hyper index ON on input line 4200.
Package hyperref Info: Plain pages OFF on input line 4207.
Package hyperref Info: Backreferencing OFF on input line 4212.
Package hyperref Info: Implicit mode ON; LaTeX internals redefined.
Package hyperref Info: Bookmarks ON on input line 4445.
\c@Hy@tempcnt=\count289
(c:/Users/GelbJ/AppData/Roaming/TinyTeX/texmf-dist/tex/latex/url/url.sty
\Urlmuskip=\muskip18
Package: url 2013/09/16  ver 3.4  Verb mode for urls, etc.
)
LaTeX Info: Redefining \url on input line 4804.
\XeTeXLinkMargin=\dimen152

(c:/Users/GelbJ/AppData/Roaming/TinyTeX/texmf-dist/tex/generic/bitset/bitset.st
y
Package: bitset 2019/12/09 v1.3 Handle bit-vector datatype (HO)

(c:/Users/GelbJ/AppData/Roaming/TinyTeX/texmf-dist/tex/generic/bigintcalc/bigin
tcalc.sty
Package: bigintcalc 2019/12/15 v1.5 Expandable calculations on big integers (HO
)
))
\Fld@menulength=\count290
\Field@Width=\dimen153
\Fld@charsize=\dimen154
Package hyperref Info: Hyper figures OFF on input line 6076.
Package hyperref Info: Link nesting OFF on input line 6081.
Package hyperref Info: Hyper index ON on input line 6084.
Package hyperref Info: backreferencing OFF on input line 6091.
Package hyperref Info: Link coloring OFF on input line 6096.
Package hyperref Info: Link coloring with OCG OFF on input line 6101.
Package hyperref Info: PDF/A mode OFF on input line 6106.
LaTeX Info: Redefining \ref on input line 6146.
LaTeX Info: Redefining \pageref on input line 6150.

(c:/Users/GelbJ/AppData/Roaming/TinyTeX/texmf-dist/tex/latex/base/atbegshi-ltx.
sty
Package: atbegshi-ltx 2021/01/10 v1.0c Emulation of the original atbegshi
package with kernel methods
)
\Hy@abspage=\count291
\c@Item=\count292
\c@Hfootnote=\count293
)
Package hyperref Info: Driver (autodetected): hxetex.

(c:/Users/GelbJ/AppData/Roaming/TinyTeX/texmf-dist/tex/latex/hyperref/hxetex.de
f
File: hxetex.def 2021-06-07 v7.00m Hyperref driver for XeTeX

(c:/Users/GelbJ/AppData/Roaming/TinyTeX/texmf-dist/tex/generic/stringenc/string
enc.sty
Package: stringenc 2019/11/29 v1.12 Convert strings between diff. encodings (HO
)
)
\pdfm@box=\box53
\c@Hy@AnnotLevel=\count294
\HyField@AnnotCount=\count295
\Fld@listcount=\count296
\c@bookmark@seq@number=\count297

(c:/Users/GelbJ/AppData/Roaming/TinyTeX/texmf-dist/tex/latex/rerunfilecheck/rer
unfilecheck.sty
Package: rerunfilecheck 2019/12/05 v1.9 Rerun checks for auxiliary files (HO)

(c:/Users/GelbJ/AppData/Roaming/TinyTeX/texmf-dist/tex/latex/base/atveryend-ltx
.sty
Package: atveryend-ltx 2020/08/19 v1.0a Emulation of the original atvery packag
e
with kernel methods
)
(c:/Users/GelbJ/AppData/Roaming/TinyTeX/texmf-dist/tex/generic/uniquecounter/un
iquecounter.sty
Package: uniquecounter 2019/12/15 v1.4 Provide unlimited unique counter (HO)
)
Package uniquecounter Info: New unique counter `rerunfilecheck' on input line 2
86.
)
\Hy@SectionHShift=\skip52
)
Package hyperref Info: Option `colorlinks' set `true' on input line 53.

(c:/Users/GelbJ/AppData/Roaming/TinyTeX/texmf-dist/tex/latex/geometry/geometry.
sty
Package: geometry 2020/01/02 v5.9 Page Geometry

(c:/Users/GelbJ/AppData/Roaming/TinyTeX/texmf-dist/tex/generic/iftex/ifvtex.sty
Package: ifvtex 2019/10/25 v1.7 ifvtex legacy package. Use iftex instead.
)
\Gm@cnth=\count298
\Gm@cntv=\count299
\c@Gm@tempcnt=\count300
\Gm@bindingoffset=\dimen155
\Gm@wd@mp=\dimen156
\Gm@odd@mp=\dimen157
\Gm@even@mp=\dimen158
\Gm@layoutwidth=\dimen159
\Gm@layoutheight=\dimen160
\Gm@layouthoffset=\dimen161
\Gm@layoutvoffset=\dimen162
\Gm@dimlist=\toks22
)
(c:/Users/GelbJ/AppData/Roaming/TinyTeX/texmf-dist/tex/latex/fancyvrb/fancyvrb.
sty
Package: fancyvrb 2021/08/12 v3.8 verbatim text (tvz,hv)
\FV@CodeLineNo=\count301
\FV@InFile=\read2
\FV@TabBox=\box54
\c@FancyVerbLine=\count302
\FV@StepNumber=\count303
\FV@OutFile=\write3
) (c:/Users/GelbJ/AppData/Roaming/TinyTeX/texmf-dist/tex/latex/framed/framed.st
y
Package: framed 2011/10/22 v 0.96: framed or shaded text with page breaks
\OuterFrameSep=\skip53
\fb@frw=\dimen163
\fb@frh=\dimen164
\FrameRule=\dimen165
\FrameSep=\dimen166
)
(c:/Users/GelbJ/AppData/Roaming/TinyTeX/texmf-dist/tex/latex/tools/longtable.st
y
Package: longtable 2021-05-07 v4.16 Multi-page Table package (DPC)
\LTleft=\skip54
\LTright=\skip55
\LTpre=\skip56
\LTpost=\skip57
\LTchunksize=\count304
\LTcapwidth=\dimen167
\LT@head=\box55
\LT@firsthead=\box56
\LT@foot=\box57
\LT@lastfoot=\box58
\LT@gbox=\box59
\LT@cols=\count305
\LT@rows=\count306
\c@LT@tables=\count307
\c@LT@chunks=\count308
\LT@p@ftn=\toks23
)
(c:/Users/GelbJ/AppData/Roaming/TinyTeX/texmf-dist/tex/latex/booktabs/booktabs.
sty
Package: booktabs 2020/01/12 v1.61803398 Publication quality tables
\heavyrulewidth=\dimen168
\lightrulewidth=\dimen169
\cmidrulewidth=\dimen170
\belowrulesep=\dimen171
\belowbottomsep=\dimen172
\aboverulesep=\dimen173
\abovetopsep=\dimen174
\cmidrulesep=\dimen175
\cmidrulekern=\dimen176
\defaultaddspace=\dimen177
\@cmidla=\count309
\@cmidlb=\count310
\@aboverulesep=\dimen178
\@belowrulesep=\dimen179
\@thisruleclass=\count311
\@lastruleclass=\count312
\@thisrulewidth=\dimen180
) (c:/Users/GelbJ/AppData/Roaming/TinyTeX/texmf-dist/tex/latex/tools/calc.sty
Package: calc 2017/05/25 v4.3 Infix arithmetic (KKT,FJ)
\calc@Acount=\count313
\calc@Bcount=\count314
\calc@Adimen=\dimen181
\calc@Bdimen=\dimen182
\calc@Askip=\skip58
\calc@Bskip=\skip59
LaTeX Info: Redefining \setlength on input line 80.
LaTeX Info: Redefining \addtolength on input line 81.
\calc@Ccount=\count315
\calc@Cskip=\skip60
)
(c:/Users/GelbJ/AppData/Roaming/TinyTeX/texmf-dist/tex/latex/etoolbox/etoolbox.
sty
Package: etoolbox 2020/10/05 v2.5k e-TeX tools for LaTeX (JAW)
\etb@tempcnta=\count316
)
(c:/Users/GelbJ/AppData/Roaming/TinyTeX/texmf-dist/tex/latex/mdwtools/footnote.
sty
Package: footnote 1997/01/28 1.13 Save footnotes around boxes
\fn@notes=\box60
\fn@width=\dimen183
)
(c:/Users/GelbJ/AppData/Roaming/TinyTeX/texmf-dist/tex/latex/graphics/graphicx.
sty
Package: graphicx 2020/12/05 v1.2c Enhanced LaTeX Graphics (DPC,SPQR)

(c:/Users/GelbJ/AppData/Roaming/TinyTeX/texmf-dist/tex/latex/graphics/graphics.
sty
Package: graphics 2021/03/04 v1.4d Standard LaTeX Graphics (DPC,SPQR)
(c:/Users/GelbJ/AppData/Roaming/TinyTeX/texmf-dist/tex/latex/graphics/trig.sty
Package: trig 2016/01/03 v1.10 sin cos tan (DPC)
)
(c:/Users/GelbJ/AppData/Roaming/TinyTeX/texmf-dist/tex/latex/graphics-cfg/graph
ics.cfg
File: graphics.cfg 2016/06/04 v1.11 sample graphics configuration
)
Package graphics Info: Driver file: xetex.def on input line 107.
)
\Gin@req@height=\dimen184
\Gin@req@width=\dimen185
) (c:/Users/GelbJ/AppData/Roaming/TinyTeX/texmf-dist/tex/latex/float/float.sty
Package: float 2001/11/08 v1.3d Float enhancements (AL)
\c@float@type=\count317
\float@exts=\toks24
\float@box=\box61
\@float@everytoks=\toks25
\@floatcapt=\box62
)
(c:/Users/GelbJ/AppData/Roaming/TinyTeX/texmf-dist/tex/latex/caption/caption.st
y
Package: caption 2020/10/26 v3.5g Customizing captions (AR)

(c:/Users/GelbJ/AppData/Roaming/TinyTeX/texmf-dist/tex/latex/caption/caption3.s
ty
Package: caption3 2020/10/21 v2.2e caption3 kernel (AR)
\captionmargin=\dimen186
\captionmargin@=\dimen187
\captionwidth=\dimen188
\caption@tempdima=\dimen189
\caption@indent=\dimen190
\caption@parindent=\dimen191
\caption@hangindent=\dimen192
Package caption Info: Standard document class detected.
)
\c@caption@flags=\count318
\c@continuedfloat=\count319
Package caption Info: float package is loaded.
Package caption Info: hyperref package is loaded.
Package caption Info: longtable package is loaded.

(c:/Users/GelbJ/AppData/Roaming/TinyTeX/texmf-dist/tex/latex/caption/ltcaption.
sty
Package: ltcaption 2020/05/30 v1.4b longtable captions (AR)
)) (c:/Users/GelbJ/AppData/Roaming/TinyTeX/texmf-dist/tex/latex/base/makeidx.st
y
Package: makeidx 2014/09/29 v1.0m Standard LaTeX package
)
\@indexfile=\write4
\openout4 = `livre_statistique_Phil_Jere_clean.idx'.

Writing index file livre_statistique_Phil_Jere_clean.idx
(c:/Users/GelbJ/AppData/Roaming/TinyTeX/texmf-dist/tex/latex/amscls/amsthm.sty
Package: amsthm 2020/05/29 v2.20.6
\thm@style=\toks26
\thm@bodyfont=\toks27
\thm@headfont=\toks28
\thm@notefont=\toks29
\thm@headpunct=\toks30
\thm@preskip=\skip61
\thm@postskip=\skip62
\thm@headsep=\skip63
\dth@everypar=\toks31
) (c:/Users/GelbJ/AppData/Roaming/TinyTeX/texmf-dist/tex/latex/base/flafter.sty
Package: flafter 2018/11/28 v1.4d Standard LaTeX floats after reference (FMi)
Applying: [2015/01/01] float order in 2-column on input line 49.
Already applied: [0000/00/00] float order in 2-column on input line 151.
) (c:/Users/GelbJ/AppData/Roaming/TinyTeX/texmf-dist/tex/latex/tools/array.sty
Package: array 2021/04/20 v2.5e Tabular extension package (FMi)
\col@sep=\dimen193
\ar@mcellbox=\box63
\extrarowheight=\dimen194
\NC@list=\toks32
\extratabsurround=\skip64
\backup@length=\skip65
\ar@cellbox=\box64
)
(c:/Users/GelbJ/AppData/Roaming/TinyTeX/texmf-dist/tex/latex/multirow/multirow.
sty
Package: multirow 2021/03/15 v2.8 Span multiple rows of a table
\multirow@colwidth=\skip66
\multirow@cntb=\count320
\multirow@dima=\skip67
\bigstrutjot=\dimen195
)
(c:/Users/GelbJ/AppData/Roaming/TinyTeX/texmf-dist/tex/latex/wrapfig/wrapfig.st
y
\wrapoverhang=\dimen196
\WF@size=\dimen197
\c@WF@wrappedlines=\count321
\WF@box=\box65
\WF@everypar=\toks33
Package: wrapfig 2003/01/31  v 3.6
)
(c:/Users/GelbJ/AppData/Roaming/TinyTeX/texmf-dist/tex/latex/colortbl/colortbl.
sty
Package: colortbl 2020/01/04 v1.0e Color table columns (DPC)
\everycr=\toks34
\minrowclearance=\skip68
)
(c:/Users/GelbJ/AppData/Roaming/TinyTeX/texmf-dist/tex/latex/pdflscape/pdflscap
e.sty
Package: pdflscape 2019/12/05 v0.12 Display of landscape pages in PDF (HO)

(c:/Users/GelbJ/AppData/Roaming/TinyTeX/texmf-dist/tex/latex/graphics/lscape.st
y
Package: lscape 2020/05/28 v3.02 Landscape Pages (DPC)
)
Package pdflscape Info: Auto-detected driver: dvipdfm (xetex) on input line 98.

) (c:/Users/GelbJ/AppData/Roaming/TinyTeX/texmf-dist/tex/latex/tabu/tabu.sty
Package: tabu 2019/01/11 v2.9 - flexible LaTeX tabulars (FC+tabu-fixed)

(c:/Users/GelbJ/AppData/Roaming/TinyTeX/texmf-dist/tex/latex/varwidth/varwidth.
sty
Package: varwidth 2009/03/30 ver 0.92;  Variable-width minipages
\@vwid@box=\box66
\sift@deathcycles=\count322
\@vwid@loff=\dimen198
\@vwid@roff=\dimen199
)
\c@taburow=\count323
\tabu@nbcols=\count324
\tabu@cnt=\count325
\tabu@Xcol=\count326
\tabu@alloc=\count327
\tabu@nested=\count328
\tabu@target=\dimen256
\tabu@spreadtarget=\dimen257
\tabu@naturalX=\dimen258
\tabucolX=\dimen259
\tabu@Xsum=\dimen260
\extrarowdepth=\dimen261
\abovetabulinesep=\dimen262
\belowtabulinesep=\dimen263
\tabustrutrule=\dimen264
\tabu@thebody=\toks35
\tabu@footnotes=\toks36
\tabu@box=\box67
\tabu@arstrutbox=\box68
\tabu@hleads=\box69
\tabu@vleads=\box70
\tabu@cellskip=\skip69
)
(c:/Users/GelbJ/AppData/Roaming/TinyTeX/texmf-dist/tex/latex/threeparttable/thr
eeparttable.sty
Package: threeparttable 2003/06/13  v 3.0
\@tempboxb=\box71
)
(c:/Users/GelbJ/AppData/Roaming/TinyTeX/texmf-dist/tex/latex/threeparttablex/th
reeparttablex.sty
Package: threeparttablex 2013/07/23 v0.3 by daleif

(c:/Users/GelbJ/AppData/Roaming/TinyTeX/texmf-dist/tex/latex/environ/environ.st
y
Package: environ 2014/05/04 v0.3 A new way to define environments

(c:/Users/GelbJ/AppData/Roaming/TinyTeX/texmf-dist/tex/latex/trimspaces/trimspa
ces.sty
Package: trimspaces 2009/09/17 v1.1 Trim spaces around a token list
))
\TPTL@width=\skip70
) (c:/Users/GelbJ/AppData/Roaming/TinyTeX/texmf-dist/tex/generic/ulem/ulem.sty
\UL@box=\box72
\UL@hyphenbox=\box73
\UL@skip=\skip71
\UL@hook=\toks37
\UL@height=\dimen265
\UL@pe=\count329
\UL@pixel=\dimen266
\ULC@box=\box74
Package: ulem 2019/11/18
\ULdepth=\dimen267
)
(c:/Users/GelbJ/AppData/Roaming/TinyTeX/texmf-dist/tex/latex/makecell/makecell.
sty
Package: makecell 2009/08/03 V0.1e Managing of Tab Column Heads and Cells
\rotheadsize=\dimen268
\c@nlinenum=\count330
\TeXr@lab=\toks38
)
(c:/Users/GelbJ/AppData/Roaming/TinyTeX/texmf-dist/tex/latex/polyglossia/polygl
ossia.sty
Package: polyglossia 2021/04/12 v1.53 Modern multilingual typesetting with XeLa
TeX and LuaLaTeX

(c:/Users/GelbJ/AppData/Roaming/TinyTeX/texmf-dist/tex/latex/makecmds/makecmds.
sty
Package: makecmds 2009/09/03 v1.0a extra command making commands
)
(c:/Users/GelbJ/AppData/Roaming/TinyTeX/texmf-dist/tex/latex/xkeyval/xkeyval.st
y
Package: xkeyval 2020/11/20 v2.8 package option processing (HA)

(c:/Users/GelbJ/AppData/Roaming/TinyTeX/texmf-dist/tex/generic/xkeyval/xkeyval.
tex
(c:/Users/GelbJ/AppData/Roaming/TinyTeX/texmf-dist/tex/generic/xkeyval/xkvutils
.tex
\XKV@toks=\toks39
\XKV@tempa@toks=\toks40
)
\XKV@depth=\count331
File: xkeyval.tex 2014/12/03 v2.7a key=value parser (HA)
))
\xpg@normalclass=\XeTeXcharclass1

(c:/Users/GelbJ/AppData/Roaming/TinyTeX/texmf-dist/tex/latex/polyglossia/gloss-
latex.ldf
File: gloss-latex.ldf polyglossia: module for default language
The property list \polyglossia@langsetup contains the pairs (without outer
braces):
>  {latex/script}  =>  {latin}
>  {latex/lcscript}  =>  {latin}
>  {latex/scripttag}  =>  {}
>  {latex/language}  =>  {Latex}
>  {latex/langtag}  =>  {ENG}
>  {latex/bcp47}  =>  {}
>  {latex/hyphennames}  =>  {english}
>  {latex/direction}  =>  {LR}
>  {latex/hyphenmins}  =>  {2,3}
>  {latex/frenchspacing}  =>  {false}
>  {latex/indentfirst}  =>  {false}
>  {latex/fontsetup}  =>  {true}
>  {latex/envname}  =>  {latex}
>  {latex/babelname}  =>  {latex}
>  {latex/localnumeral}  =>  {polyglossia@C@localnumeral}
>  {latex/Localnumeral}  =>  {polyglossia@C@localnumeral}.
)
Package polyglossia Info: Default language is latex.
)
(c:/Users/GelbJ/AppData/Roaming/TinyTeX/texmf-dist/tex/latex/polyglossia/gloss-
french.ldf
File: gloss-french.ldf polyglossia: module for french
The property list \polyglossia@langsetup contains the pairs (without outer
braces):
>  {latex/script}  =>  {latin}
>  {latex/lcscript}  =>  {latin}
>  {latex/scripttag}  =>  {}
>  {latex/language}  =>  {Latex}
>  {latex/langtag}  =>  {ENG}
>  {latex/bcp47}  =>  {}
>  {latex/hyphennames}  =>  {english}
>  {latex/direction}  =>  {LR}
>  {latex/hyphenmins}  =>  {2,3}
>  {latex/frenchspacing}  =>  {false}
>  {latex/indentfirst}  =>  {false}
>  {latex/fontsetup}  =>  {true}
>  {latex/envname}  =>  {latex}
>  {latex/babelname}  =>  {latex}
>  {latex/localnumeral}  =>  {polyglossia@C@localnumeral}
>  {latex/Localnumeral}  =>  {polyglossia@C@localnumeral}
>  {french/script}  =>  {Latin}
>  {french/lcscript}  =>  {latin}
>  {french/scripttag}  =>  {}
>  {french/language}  =>  {French}
>  {french/langtag}  =>  {FRA}
>  {french/bcp47}  =>  {fr-FR}
>  {french/hyphennames}  =>  {french,francais}
>  {french/direction}  =>  {LR}
>  {french/hyphenmins}  =>  {2,2}
>  {french/frenchspacing}  =>  {true}
>  {french/indentfirst}  =>  {true}
>  {french/fontsetup}  =>  {true}
>  {french/envname}  =>  {french}
>  {french/babelname}  =>  {french}
>  {french/localnumeral}  =>  {polyglossia@C@localnumeral}
>  {french/Localnumeral}  =>  {polyglossia@C@localnumeral}.

Package polyglossia Warning: No hyphenation patterns were loaded for `french'
(polyglossia)                I will use \language=\l@nohyphenation instead on i
nput line 12.

\l@french = a dialect from \language\l@nohyphenation 
\french@openbrackets=\XeTeXcharclass2
\french@closebrackets=\XeTeXcharclass3
\french@questionexclamation=\XeTeXcharclass4
\french@punctthin=\XeTeXcharclass5
\french@punctthick=\XeTeXcharclass6
\french@punctguillstart=\XeTeXcharclass7
\french@punctguillend=\XeTeXcharclass8
Package polyglossia Info: Option: French, variant=french.
)
Package polyglossia Info: Default language is french.
(c:/Users/GelbJ/AppData/Roaming/TinyTeX/texmf-dist/tex/latex/natbib/natbib.sty
Package: natbib 2010/09/13 8.31b (PWD, AO)
\bibhang=\skip72
\bibsep=\skip73
LaTeX Info: Redefining \cite on input line 694.
\c@NAT@ctr=\count332
) (./livre_statistique_Phil_Jere_clean.aux
LaTeX Info: Redefining \rmfamily on input line 20.
LaTeX Info: Redefining \sffamily on input line 20.
LaTeX Info: Redefining \ttfamily on input line 20.
)
\openout1 = `livre_statistique_Phil_Jere_clean.aux'.

LaTeX Font Info:    Checking defaults for OML/cmm/m/it on input line 313.
LaTeX Font Info:    ... okay on input line 313.
LaTeX Font Info:    Checking defaults for OMS/cmsy/m/n on input line 313.
LaTeX Font Info:    ... okay on input line 313.
LaTeX Font Info:    Checking defaults for OT1/cmr/m/n on input line 313.
LaTeX Font Info:    ... okay on input line 313.
LaTeX Font Info:    Checking defaults for T1/cmr/m/n on input line 313.
LaTeX Font Info:    ... okay on input line 313.
LaTeX Font Info:    Checking defaults for TS1/cmr/m/n on input line 313.
LaTeX Font Info:    ... okay on input line 313.
LaTeX Font Info:    Checking defaults for TU/lmr/m/n on input line 313.
LaTeX Font Info:    ... okay on input line 313.
LaTeX Font Info:    Checking defaults for OMX/cmex/m/n on input line 313.
LaTeX Font Info:    ... okay on input line 313.
LaTeX Font Info:    Checking defaults for U/cmr/m/n on input line 313.
LaTeX Font Info:    ... okay on input line 313.
LaTeX Font Info:    Checking defaults for PD1/pdf/m/n on input line 313.
LaTeX Font Info:    ... okay on input line 313.
LaTeX Font Info:    Checking defaults for PU/pdf/m/n on input line 313.
LaTeX Font Info:    ... okay on input line 313.
LaTeX Font Info:    Overwriting math alphabet `\mathsf' in version `normal'
(Font)                  OT1/lmss/m/n --> TU/lmss/m/n on input line 313.
LaTeX Font Info:    Overwriting math alphabet `\mathsf' in version `bold'
(Font)                  OT1/lmss/bx/n --> TU/lmss/b/n on input line 313.

Package fontspec Info: latinmodern-math scale = 1.203139397662426.


Package fontspec Info: latinmodern-math scale = 1.203139397662426.


Package fontspec Info: latinmodern-math scale = 1.203139397662426.


Package fontspec Info: Font family 'latinmodern-math.otf(0)' created for font
(fontspec)             'latinmodern-math.otf' with options
(fontspec)             [Scale=MatchLowercase,BoldItalicFont={},ItalicFont={},Sm
allCapsFont={},Script=Math,BoldFont={latinmodern-math.otf}].
(fontspec)              
(fontspec)              This font family consists of the following NFSS
(fontspec)             series/shapes:
(fontspec)              
(fontspec)             - 'normal' (m/n) with NFSS spec.:
(fontspec)             <->s*[1.203139397662426]"[latinmodern-math.otf]/OT:scrip
t=math;language=dflt;"
(fontspec)             - 'small caps'  (m/sc) with NFSS spec.: 
(fontspec)             - 'bold' (b/n) with NFSS spec.:
(fontspec)             <->s*[1.203139397662426]"[latinmodern-math.otf]/OT:scrip
t=math;language=dflt;"
(fontspec)             - 'bold small caps'  (b/sc) with NFSS spec.: 

LaTeX Font Info:    Font shape `TU/latinmodern-math.otf(0)/m/n' will be
(Font)              scaled to size 13.17438pt on input line 313.

Package fontspec Info: latinmodern-math scale = 1.203139397662426.


Package fontspec Info: latinmodern-math scale = 1.203139397662426.


Package fontspec Info: latinmodern-math scale = 1.203139397662426.


Package fontspec Info: latinmodern-math scale = 1.203139397662426.


Package fontspec Info: latinmodern-math scale = 1.203139397662426.


Package fontspec Info: Font family 'latinmodern-math.otf(1)' created for font
(fontspec)             'latinmodern-math.otf' with options
(fontspec)             [Scale=MatchLowercase,BoldItalicFont={},ItalicFont={},Sm
allCapsFont={},Script=Math,SizeFeatures={{Size=9.3075-},{Size=6.57-9.3075,Font=
latinmodern-math.otf,Style=MathScript},{Size=-6.57,Font=latinmodern-math.otf,St
yle=MathScriptScript}},BoldFont={latinmodern-math.otf}].
(fontspec)              
(fontspec)              This font family consists of the following NFSS
(fontspec)             series/shapes:
(fontspec)              
(fontspec)             - 'normal' (m/n) with NFSS spec.:
(fontspec)             <9.3075->s*[1.203139397662426]"[latinmodern-math.otf]/OT
:script=math;language=dflt;"<6.57-9.3075>s*[1.203139397662426]"[latinmodern-mat
h.otf]/OT:script=math;language=dflt;+ssty=0;"<-6.57>s*[1.203139397662426]"[lati
nmodern-math.otf]/OT:script=math;language=dflt;+ssty=1;"
(fontspec)             - 'small caps'  (m/sc) with NFSS spec.: 
(fontspec)             - 'bold' (b/n) with NFSS spec.:
(fontspec)             <->s*[1.203139397662426]"[latinmodern-math.otf]/OT:scrip
t=math;language=dflt;"
(fontspec)             - 'bold small caps'  (b/sc) with NFSS spec.: 

LaTeX Font Info:    Font shape `TU/latinmodern-math.otf(1)/m/n' will be
(Font)              scaled to size 13.17438pt on input line 313.
LaTeX Font Info:    Encoding `OT1' has changed to `TU' for symbol font
(Font)              `operators' in the math version `normal' on input line 313.

LaTeX Font Info:    Overwriting symbol font `operators' in version `normal'
(Font)                  OT1/lmr/m/n --> TU/latinmodern-math.otf(1)/m/n on input
 line 313.
LaTeX Font Info:    Encoding `OT1' has changed to `TU' for symbol font
(Font)              `operators' in the math version `bold' on input line 313.
LaTeX Font Info:    Overwriting symbol font `operators' in version `bold'
(Font)                  OT1/lmr/bx/n --> TU/latinmodern-math.otf(1)/b/n on inpu
t line 313.

Package fontspec Info: latinmodern-math scale = 1.203139397662426.


Package fontspec Info: latinmodern-math scale = 1.203259711602192.


Package fontspec Info: latinmodern-math scale = 1.203139397662426.


Package fontspec Info: latinmodern-math scale = 1.203259711602192.


Package fontspec Info: latinmodern-math scale = 1.203139397662426.


Package fontspec Info: latinmodern-math scale = 1.203259711602192.


Package fontspec Info: latinmodern-math scale = 1.203139397662426.


Package fontspec Info: latinmodern-math scale = 1.203259711602192.


Package fontspec Info: latinmodern-math scale = 1.203139397662426.


Package fontspec Info: latinmodern-math scale = 1.203259711602192.


Package fontspec Info: Font family 'latinmodern-math.otf(2)' created for font
(fontspec)             'latinmodern-math.otf' with options
(fontspec)             [Scale=MatchLowercase,BoldItalicFont={},ItalicFont={},Sm
allCapsFont={},Script=Math,SizeFeatures={{Size=9.3075-},{Size=6.57-9.3075,Font=
latinmodern-math.otf,Style=MathScript},{Size=-6.57,Font=latinmodern-math.otf,St
yle=MathScriptScript}},BoldFont={latinmodern-math.otf},ScaleAgain=1.0001,FontAd
justment={\fontdimen
(fontspec)             8\font =8.91905pt\relax \fontdimen 9\font
(fontspec)             =5.1907pt\relax \fontdimen 10\font =5.84943pt\relax
(fontspec)             \fontdimen 11\font =9.03763pt\relax \fontdimen 12\font
(fontspec)             =4.54517pt\relax \fontdimen 13\font =4.7823pt\relax
(fontspec)             \fontdimen 14\font =4.7823pt\relax \fontdimen 15\font
(fontspec)             =3.80739pt\relax \fontdimen 16\font =3.25407pt\relax
(fontspec)             \fontdimen 17\font =3.25407pt\relax \fontdimen 18\font
(fontspec)             =3.2936pt\relax \fontdimen 19\font =2.63487pt\relax
(fontspec)             \fontdimen 22\font =3.2936pt\relax \fontdimen 20\font
(fontspec)             =0pt\relax \fontdimen 21\font =0pt\relax }].
(fontspec)              
(fontspec)              This font family consists of the following NFSS
(fontspec)             series/shapes:
(fontspec)              
(fontspec)             - 'normal' (m/n) with NFSS spec.:
(fontspec)             <9.3075->s*[1.203259711602192]"[latinmodern-math.otf]/OT
:script=math;language=dflt;"<6.57-9.3075>s*[1.203259711602192]"[latinmodern-mat
h.otf]/OT:script=math;language=dflt;+ssty=0;"<-6.57>s*[1.203259711602192]"[lati
nmodern-math.otf]/OT:script=math;language=dflt;+ssty=1;"
(fontspec)             - 'small caps'  (m/sc) with NFSS spec.: 
(fontspec)             and font adjustment code:
(fontspec)             \fontdimen 8\font =8.91905pt\relax \fontdimen 9\font
(fontspec)             =5.1907pt\relax \fontdimen 10\font =5.84943pt\relax
(fontspec)             \fontdimen 11\font =9.03763pt\relax \fontdimen 12\font
(fontspec)             =4.54517pt\relax \fontdimen 13\font =4.7823pt\relax
(fontspec)             \fontdimen 14\font =4.7823pt\relax \fontdimen 15\font
(fontspec)             =3.80739pt\relax \fontdimen 16\font =3.25407pt\relax
(fontspec)             \fontdimen 17\font =3.25407pt\relax \fontdimen 18\font
(fontspec)             =3.2936pt\relax \fontdimen 19\font =2.63487pt\relax
(fontspec)             \fontdimen 22\font =3.2936pt\relax \fontdimen 20\font
(fontspec)             =0pt\relax \fontdimen 21\font =0pt\relax 
(fontspec)             - 'bold' (b/n) with NFSS spec.:
(fontspec)             <->s*[1.203259711602192]"[latinmodern-math.otf]/OT:scrip
t=math;language=dflt;"
(fontspec)             - 'bold small caps'  (b/sc) with NFSS spec.: 
(fontspec)             and font adjustment code:
(fontspec)             \fontdimen 8\font =8.91905pt\relax \fontdimen 9\font
(fontspec)             =5.1907pt\relax \fontdimen 10\font =5.84943pt\relax
(fontspec)             \fontdimen 11\font =9.03763pt\relax \fontdimen 12\font
(fontspec)             =4.54517pt\relax \fontdimen 13\font =4.7823pt\relax
(fontspec)             \fontdimen 14\font =4.7823pt\relax \fontdimen 15\font
(fontspec)             =3.80739pt\relax \fontdimen 16\font =3.25407pt\relax
(fontspec)             \fontdimen 17\font =3.25407pt\relax \fontdimen 18\font
(fontspec)             =3.2936pt\relax \fontdimen 19\font =2.63487pt\relax
(fontspec)             \fontdimen 22\font =3.2936pt\relax \fontdimen 20\font
(fontspec)             =0pt\relax \fontdimen 21\font =0pt\relax 

LaTeX Font Info:    Encoding `OMS' has changed to `TU' for symbol font
(Font)              `symbols' in the math version `normal' on input line 313.
LaTeX Font Info:    Overwriting symbol font `symbols' in version `normal'
(Font)                  OMS/lmsy/m/n --> TU/latinmodern-math.otf(2)/m/n on inpu
t line 313.
LaTeX Font Info:    Encoding `OMS' has changed to `TU' for symbol font
(Font)              `symbols' in the math version `bold' on input line 313.
LaTeX Font Info:    Overwriting symbol font `symbols' in version `bold'
(Font)                  OMS/lmsy/b/n --> TU/latinmodern-math.otf(2)/b/n on inpu
t line 313.

Package fontspec Info: latinmodern-math scale = 1.203139397662426.


Package fontspec Info: latinmodern-math scale = 1.20301908372266.


Package fontspec Info: latinmodern-math scale = 1.203139397662426.


Package fontspec Info: latinmodern-math scale = 1.20301908372266.


Package fontspec Info: latinmodern-math scale = 1.203139397662426.


Package fontspec Info: latinmodern-math scale = 1.20301908372266.


Package fontspec Info: latinmodern-math scale = 1.203139397662426.


Package fontspec Info: latinmodern-math scale = 1.20301908372266.


Package fontspec Info: latinmodern-math scale = 1.203139397662426.


Package fontspec Info: latinmodern-math scale = 1.20301908372266.


Package fontspec Info: Font family 'latinmodern-math.otf(3)' created for font
(fontspec)             'latinmodern-math.otf' with options
(fontspec)             [Scale=MatchLowercase,BoldItalicFont={},ItalicFont={},Sm
allCapsFont={},Script=Math,SizeFeatures={{Size=9.3075-},{Size=6.57-9.3075,Font=
latinmodern-math.otf,Style=MathScript},{Size=-6.57,Font=latinmodern-math.otf,St
yle=MathScriptScript}},BoldFont={latinmodern-math.otf},ScaleAgain=0.9999,FontAd
justment={\fontdimen
(fontspec)             8\font =0.52698pt\relax \fontdimen 9\font
(fontspec)             =2.63487pt\relax \fontdimen 10\font =2.20012pt\relax
(fontspec)             \fontdimen 11\font =1.46236pt\relax \fontdimen 12\font
(fontspec)             =7.90463pt\relax \fontdimen 13\font =0pt\relax }].
(fontspec)              
(fontspec)              This font family consists of the following NFSS
(fontspec)             series/shapes:
(fontspec)              
(fontspec)             - 'normal' (m/n) with NFSS spec.:
(fontspec)             <9.3075->s*[1.20301908372266]"[latinmodern-math.otf]/OT:
script=math;language=dflt;"<6.57-9.3075>s*[1.20301908372266]"[latinmodern-math.
otf]/OT:script=math;language=dflt;+ssty=0;"<-6.57>s*[1.20301908372266]"[latinmo
dern-math.otf]/OT:script=math;language=dflt;+ssty=1;"
(fontspec)             - 'small caps'  (m/sc) with NFSS spec.: 
(fontspec)             and font adjustment code:
(fontspec)             \fontdimen 8\font =0.52698pt\relax \fontdimen 9\font
(fontspec)             =2.63487pt\relax \fontdimen 10\font =2.20012pt\relax
(fontspec)             \fontdimen 11\font =1.46236pt\relax \fontdimen 12\font
(fontspec)             =7.90463pt\relax \fontdimen 13\font =0pt\relax 
(fontspec)             - 'bold' (b/n) with NFSS spec.:
(fontspec)             <->s*[1.20301908372266]"[latinmodern-math.otf]/OT:script
=math;language=dflt;"
(fontspec)             - 'bold small caps'  (b/sc) with NFSS spec.: 
(fontspec)             and font adjustment code:
(fontspec)             \fontdimen 8\font =0.52698pt\relax \fontdimen 9\font
(fontspec)             =2.63487pt\relax \fontdimen 10\font =2.20012pt\relax
(fontspec)             \fontdimen 11\font =1.46236pt\relax \fontdimen 12\font
(fontspec)             =7.90463pt\relax \fontdimen 13\font =0pt\relax 

LaTeX Font Info:    Encoding `OMX' has changed to `TU' for symbol font
(Font)              `largesymbols' in the math version `normal' on input line 3
13.
LaTeX Font Info:    Overwriting symbol font `largesymbols' in version `normal'
(Font)                  OMX/lmex/m/n --> TU/latinmodern-math.otf(3)/m/n on inpu
t line 313.
LaTeX Font Info:    Encoding `OMX' has changed to `TU' for symbol font
(Font)              `largesymbols' in the math version `bold' on input line 313
.
LaTeX Font Info:    Overwriting symbol font `largesymbols' in version `bold'
(Font)                  OMX/lmex/m/n --> TU/latinmodern-math.otf(3)/b/n on inpu
t line 313.
Package hyperref Info: Link coloring ON on input line 313.

(c:/Users/GelbJ/AppData/Roaming/TinyTeX/texmf-dist/tex/latex/hyperref/nameref.s
ty
Package: nameref 2021-04-02 v2.47 Cross-referencing by name of section

(c:/Users/GelbJ/AppData/Roaming/TinyTeX/texmf-dist/tex/latex/refcount/refcount.
sty
Package: refcount 2019/12/15 v3.6 Data extraction from label references (HO)
)
(c:/Users/GelbJ/AppData/Roaming/TinyTeX/texmf-dist/tex/generic/gettitlestring/g
ettitlestring.sty
Package: gettitlestring 2019/12/15 v1.6 Cleanup title references (HO)
)
\c@section@level=\count333
)
LaTeX Info: Redefining \ref on input line 313.
LaTeX Info: Redefining \pageref on input line 313.
LaTeX Info: Redefining \nameref on input line 313.
(./livre_statistique_Phil_Jere_clean.out) (./livre_statistique_Phil_Jere_clean.
out)
\@outlinefile=\write5
\openout5 = `livre_statistique_Phil_Jere_clean.out'.

*geometry* driver: auto-detecting
*geometry* detected driver: xetex
*geometry* verbose mode - [ preamble ] result:
* driver: xetex
* paper: <default>
* layout: <same size as paper>
* layoutoffset:(h,v)=(0.0pt,0.0pt)
* modes: twoside 
* h-part:(L,W,R)=(56.9055pt, 500.484pt, 56.9055pt)
* v-part:(T,H,B)=(56.9055pt, 681.15898pt, 56.9055pt)
* \paperwidth=614.295pt
* \paperheight=794.96999pt
* \textwidth=500.484pt
* \textheight=681.15898pt
* \oddsidemargin=-15.36449pt
* \evensidemargin=-15.36449pt
* \topmargin=-47.23828pt
* \headheight=12.0pt
* \headsep=19.8738pt
* \topskip=11.0pt
* \footskip=27.46295pt
* \marginparwidth=116.0pt
* \marginparsep=7.0pt
* \columnsep=10.0pt
* \skip\footins=10.0pt plus 4.0pt minus 2.0pt
* \hoffset=0.0pt
* \voffset=0.0pt
* \mag=1000
* \@twocolumnfalse
* \@twosidetrue
* \@mparswitchtrue
* \@reversemarginfalse
* (1in=72.27pt=25.4mm, 1cm=28.453pt)

Package caption Info: Begin \AtBeginDocument code.
Package caption Info: threeparttable package is loaded.
Package caption Info: wrapfig package is loaded.
Package caption Info: End \AtBeginDocument code.
LaTeX Info: Redefining \rmfamily on input line 313.
LaTeX Info: Redefining \sffamily on input line 313.
LaTeX Info: Redefining \ttfamily on input line 313.
LaTeX Font Info:    Font shape `TU/PalatinoLinotype(0)/m/n' will be
(Font)              scaled to size 17.28pt on input line 315.
LaTeX Font Info:    Font shape `TU/PalatinoLinotype(0)/m/n' will be
(Font)              scaled to size 12.0pt on input line 315.
LaTeX Font Info:    Font shape `TU/latinmodern-math.otf(1)/m/n' will be
(Font)              scaled to size 14.43768pt on input line 315.
LaTeX Font Info:    Font shape `TU/latinmodern-math.otf(1)/m/n' will be
(Font)              scaled to size 9.62512pt on input line 315.
LaTeX Font Info:    Font shape `TU/latinmodern-math.otf(1)/m/n' will be
(Font)              scaled to size 7.21884pt on input line 315.
LaTeX Font Info:    Trying to load font information for OML+lmm on input line 3
15.
(c:/Users/GelbJ/AppData/Roaming/TinyTeX/texmf-dist/tex/latex/lm/omllmm.fd
File: omllmm.fd 2015/05/01 v1.6.1 Font defs for Latin Modern
)
LaTeX Font Info:    Font shape `TU/latinmodern-math.otf(2)/m/n' will be
(Font)              scaled to size 14.43915pt on input line 315.
LaTeX Font Info:    Font shape `TU/latinmodern-math.otf(2)/m/n' will be
(Font)              scaled to size 9.6261pt on input line 315.
LaTeX Font Info:    Font shape `TU/latinmodern-math.otf(2)/m/n' will be
(Font)              scaled to size 7.21957pt on input line 315.
LaTeX Font Info:    Font shape `TU/latinmodern-math.otf(3)/m/n' will be
(Font)              scaled to size 14.43622pt on input line 315.
LaTeX Font Info:    Font shape `TU/latinmodern-math.otf(3)/m/n' will be
(Font)              scaled to size 9.62415pt on input line 315.
LaTeX Font Info:    Font shape `TU/latinmodern-math.otf(3)/m/n' will be
(Font)              scaled to size 7.21811pt on input line 315.
[1


]
LaTeX Font Info:    Font shape `TU/PalatinoLinotype(0)/m/sl' in size <10.95> no
t available
(Font)              Font shape `TU/PalatinoLinotype(0)/m/it' tried instead on i
nput line 334.
LaTeX Font Info:    Font shape `TU/PalatinoLinotype(0)/m/it' will be
(Font)              scaled to size 10.95pt on input line 334.
[2

]
LaTeX Font Info:    Font shape `TU/PalatinoLinotype(0)/m/n' will be
(Font)              scaled to size 24.88pt on input line 334.
LaTeX Font Info:    Font shape `TU/PalatinoLinotype(0)/b/n' will be
(Font)              scaled to size 24.88pt on input line 334.
(./livre_statistique_Phil_Jere_clean.toc
LaTeX Info: Redefining \rmfamily on input line 1.
LaTeX Info: Redefining \sffamily on input line 1.
LaTeX Info: Redefining \ttfamily on input line 1.
LaTeX Font Info:    Font shape `TU/PalatinoLinotype(0)/b/n' will be
(Font)              scaled to size 10.95pt on input line 2.
LaTeX Font Info:    Font shape `TU/latinmodern-math.otf(1)/m/n' will be
(Font)              scaled to size 9.22206pt on input line 3.
LaTeX Font Info:    Font shape `TU/latinmodern-math.otf(1)/m/n' will be
(Font)              scaled to size 6.58719pt on input line 3.
LaTeX Font Info:    Font shape `TU/latinmodern-math.otf(2)/m/n' will be
(Font)              scaled to size 13.1757pt on input line 3.
LaTeX Font Info:    Font shape `TU/latinmodern-math.otf(2)/m/n' will be
(Font)              scaled to size 9.22299pt on input line 3.
LaTeX Font Info:    Font shape `TU/latinmodern-math.otf(2)/m/n' will be
(Font)              scaled to size 6.58786pt on input line 3.
LaTeX Font Info:    Font shape `TU/latinmodern-math.otf(3)/m/n' will be
(Font)              scaled to size 13.17303pt on input line 3.
LaTeX Font Info:    Font shape `TU/latinmodern-math.otf(3)/m/n' will be
(Font)              scaled to size 9.22112pt on input line 3.
LaTeX Font Info:    Font shape `TU/latinmodern-math.otf(3)/m/n' will be
(Font)              scaled to size 6.58652pt on input line 3.
[3]
LaTeX Font Info:    Font shape `TU/PalatinoLinotype(0)/m/n' will be
(Font)              scaled to size 7.665pt on input line 74.
)
\tf@toc=\write6
\openout6 = `livre_statistique_Phil_Jere_clean.toc'.

[4] (./livre_statistique_Phil_Jere_clean.lot
LaTeX Info: Redefining \rmfamily on input line 1.
LaTeX Info: Redefining \sffamily on input line 1.
LaTeX Info: Redefining \ttfamily on input line 1.
)
\tf@lot=\write7
\openout7 = `livre_statistique_Phil_Jere_clean.lot'.

[5

] [6

] (./livre_statistique_Phil_Jere_clean.lof
LaTeX Info: Redefining \rmfamily on input line 1.
LaTeX Info: Redefining \sffamily on input line 1.
LaTeX Info: Redefining \ttfamily on input line 1.
[7])
\tf@lof=\write8
\openout8 = `livre_statistique_Phil_Jere_clean.lof'.

[8]
LaTeX Font Info:    Font shape `TU/PalatinoLinotype(0)/m/n' will be
(Font)              scaled to size 14.4pt on input line 343.
LaTeX Font Info:    Font shape `TU/PalatinoLinotype(0)/b/n' will be
(Font)              scaled to size 14.4pt on input line 343.
LaTeX Font Info:    Font shape `TU/PalatinoLinotype(0)/m/n' will be
(Font)              scaled to size 10.0pt on input line 348.
File: images/package.png Graphic file (type bmp)
<images/package.png>
LaTeX Font Info:    Font shape `TU/PalatinoLinotype(0)/b/n' will be
(Font)              scaled to size 10.0pt on input line 349.
LaTeX Font Info:    Font shape `TU/PalatinoLinotype(0)/m/it' will be
(Font)              scaled to size 10.0pt on input line 349.
File: images/objectif.png Graphic file (type bmp)
<images/objectif.png>
File: images/notes.png Graphic file (type bmp)
<images/notes.png>
File: images/aller_loin.png Graphic file (type bmp)
<images/aller_loin.png>
File: images/astuce.png Graphic file (type bmp)
<images/astuce.png>
File: images/attention.png Graphic file (type bmp)
<images/attention.png>

LaTeX Warning: Reference `chap01' on page 9 undefined on input line 384.

[9

]

LaTeX Warning: Reference `chap03' on page 10 undefined on input line 388.


LaTeX Warning: Reference `chap04' on page 10 undefined on input line 388.


LaTeX Warning: Reference `chap05' on page 10 undefined on input line 388.

File: images/bivariee/figure1.jpg Graphic file (type bmp)
<images/bivariee/figure1.jpg>
LaTeX Font Info:    Font shape `TU/PalatinoLinotype(0)/m/sc' will be
(Font)              scaled to size 10.95pt on input line 396.
LaTeX Font Info:    Font shape `TU/PalatinoLinotype(0)/b/sc' will be
(Font)              scaled to size 10.95pt on input line 396.

LaTeX Warning: Reference `chap06' on page 10 undefined on input line 399.


LaTeX Warning: Reference `chap07' on page 10 undefined on input line 399.


LaTeX Warning: Reference `chap08' on page 10 undefined on input line 399.


LaTeX Warning: Reference `chap09' on page 10 undefined on input line 399.


LaTeX Warning: Reference `chap10' on page 10 undefined on input line 399.


LaTeX Warning: Reference `chap11' on page 10 undefined on input line 399.

[10]
Underfull \hbox (badness 1755) in paragraph at lines 412--414
[][]\TU/PalatinoLinotype(0)/m/n/10.95 2017[][]), la migration des personnes ([]
[]Spyratos et al.[][], [][]2019[][]), la propagation et les risques de
 []

LaTeX Font Info:    Font shape `TU/PalatinoLinotype(0)/m/n' will be
(Font)              scaled to size 9.0pt on input line 414.
LaTeX Font Info:    Font shape `TU/latinmodern-math.otf(1)/m/n' will be
(Font)              scaled to size 10.82826pt on input line 414.
LaTeX Font Info:    Font shape `TU/latinmodern-math.otf(1)/m/n' will be
(Font)              scaled to size 6.0157pt on input line 414.
LaTeX Font Info:    Font shape `TU/latinmodern-math.otf(2)/m/n' will be
(Font)              scaled to size 10.82936pt on input line 414.
LaTeX Font Info:    Font shape `TU/latinmodern-math.otf(2)/m/n' will be
(Font)              scaled to size 6.01631pt on input line 414.
LaTeX Font Info:    Font shape `TU/latinmodern-math.otf(3)/m/n' will be
(Font)              scaled to size 10.82716pt on input line 414.
LaTeX Font Info:    Font shape `TU/latinmodern-math.otf(3)/m/n' will be
(Font)              scaled to size 6.01509pt on input line 414.
LaTeX Font Info:    Font shape `TU/PalatinoLinotype(0)/m/n' will be
(Font)              scaled to size 6.0pt on input line 414.
LaTeX Font Info:    Font shape `TU/SourceCodePro(0)/m/n' will be
(Font)              scaled to size 7.20003pt on input line 414.

Underfull \hbox (badness 1484) in paragraph at lines 418--420
[]\TU/PalatinoLinotype(0)/m/n/10.95 Savoir programmer donne une libert consid
rable en recherche. Cette comptence permet
 []

File: images/Cargo.jpg Graphic file (type bmp)
<images/Cargo.jpg>
[11] [12]
LaTeX Font Info:    Font shape `TU/SourceCodePro(0)/m/n' will be
(Font)              scaled to size 8.76003pt on input line 446.

Underfull \hbox (badness 1424) in paragraph at lines 446--447
\TU/PalatinoLinotype(0)/m/n/10.95 Urbanisation Culture Socit de lINRS ([][]$
[][][][] [] [] [] [][][] [] [][][] [] [][][][] [] [][][]$[][]). Il enseigne au 
programme de
 []


Underfull \hbox (badness 2680) in paragraph at lines 446--447
\TU/PalatinoLinotype(0)/m/n/10.95 matrise en tudes urbaines ([][]$[][][][] []
 [] [] [][][] [] [][][] [] [][][][] [] [][] [] [][][] [] [][][][][][][] [] [][]
[][][][][][][][] [] [][][][][][] [][] [][][][][][][][]$[][]) les
 []


Underfull \hbox (badness 1694) in paragraph at lines 450--451
[]\TU/PalatinoLinotype(0)/m/n/10.95 Philippe et Jrmy travaillent troitement 
ensemble depuis dj plusieurs annes. Avec dautres
 []

[13

] [14

]
Chapitre 1.
LaTeX Font Info:    Font shape `TU/PalatinoLinotype(0)/m/n' will be
(Font)              scaled to size 20.74pt on input line 453.
LaTeX Font Info:    Font shape `TU/PalatinoLinotype(0)/b/n' will be
(Font)              scaled to size 20.74pt on input line 453.
[15] [16

]
Chapitre 2.
[17] [18

]
Chapitre 3.
File: images/package.png Graphic file (type bmp)
<images/package.png>
LaTeX Font Info:    Font shape `TU/PalatinoLinotype(0)/m/n' will be
(Font)              scaled to size 13.00003pt on input line 492.
[19]
File: images/classification/floueVSstricte.png Graphic file (type bmp)
<images/classification/floueVSstricte.png>

Underfull \hbox (badness 1067) in paragraph at lines 528--529
[]\TU/PalatinoLinotype(0)/m/n/10.95 Il existe donc des mthodes supervises flo
ues, supervises strictes, non-supervises floues, non-
 []

File: images/classification/syntheseClassif.png Graphic file (type bmp)
<images/classification/syntheseClassif.png>
[20]
LaTeX Font Info:    Font shape `TU/PalatinoLinotype(0)/b/n' will be
(Font)              scaled to size 12.0pt on input line 556.
LaTeX Font Info:    Font shape `TU/PalatinoLinotype(0)/m/n' will be
(Font)              scaled to size 5.475pt on input line 565.
[21]
File: livre_statistique_Phil_Jere_clean_files/figure-latex/dist0-1.pdf Graphic 
file (type pdf)
<use livre_statistique_Phil_Jere_clean_files/figure-latex/dist0-1.pdf>
File: livre_statistique_Phil_Jere_clean_files/figure-latex/dist1-1.pdf Graphic 
file (type pdf)
<use livre_statistique_Phil_Jere_clean_files/figure-latex/dist1-1.pdf>
[22]
File: images/attention.png Graphic file (type bmp)
<images/attention.png>
LaTeX Font Info:    Font shape `TU/latinmodern-math.otf(1)/m/n' will be
(Font)              scaled to size 12.0314pt on input line 634.
LaTeX Font Info:    Font shape `TU/latinmodern-math.otf(1)/m/n' will be
(Font)              scaled to size 8.42198pt on input line 634.
LaTeX Font Info:    Font shape `TU/latinmodern-math.otf(2)/m/n' will be
(Font)              scaled to size 12.03262pt on input line 634.
LaTeX Font Info:    Font shape `TU/latinmodern-math.otf(2)/m/n' will be
(Font)              scaled to size 8.42284pt on input line 634.
LaTeX Font Info:    Font shape `TU/latinmodern-math.otf(3)/m/n' will be
(Font)              scaled to size 12.03018pt on input line 634.
LaTeX Font Info:    Font shape `TU/latinmodern-math.otf(3)/m/n' will be
(Font)              scaled to size 8.42113pt on input line 634.

Underfull \hbox (badness 2608) in paragraph at lines 636--638
[]\TU/PalatinoLinotype(0)/m/n/10 mise  lchelle de 0  1 : cette mthode perm
et de changer ltendue dune variable pour
 []

File: livre_statistique_Phil_Jere_clean_files/figure-latex/impactTransform-1.pd
f Graphic file (type pdf)
<use livre_statistique_Phil_Jere_clean_files/figure-latex/impactTransform-1.pdf
>

Underfull \vbox (badness 10000) detected at line 654
 []


Underfull \vbox (badness 10000) has occurred while \output is active []

[23]
File: livre_statistique_Phil_Jere_clean_files/figure-latex/dist2-1.pdf Graphic 
file (type pdf)
<use livre_statistique_Phil_Jere_clean_files/figure-latex/dist2-1.pdf>
[24]
LaTeX Font Info:    Font shape `TU/PalatinoLinotype(0)/b/n' will be
(Font)              scaled to size 7.665pt on input line 695.
File: livre_statistique_Phil_Jere_clean_files/figure-latex/dist3-1.pdf Graphic 
file (type pdf)
<use livre_statistique_Phil_Jere_clean_files/figure-latex/dist3-1.pdf>

LaTeX Warning: Reference `tab:tableRevMoyMed' on page 25 undefined on input lin
e 710.

LaTeX Font Info:    Font shape `TU/PalatinoLinotype(0)/m/n' will be
(Font)              scaled to size 8.0pt on input line 716.
[25]
Underfull \hbox (badness 1038) in paragraph at lines 742--743
[]\TU/PalatinoLinotype(0)/m/n/10.95  premire vue, cette distance peut paratr
e moins utile que les deux prcdentes. Pourtant, de
 []

[26]
LaTeX Font Info:    Font shape `TU/PalatinoLinotype(0)/m/n' will be
(Font)              scaled to size 5.0pt on input line 815.
File: images/aller_loin.png Graphic file (type bmp)
<images/aller_loin.png>
LaTeX Font Info:    Font shape `TU/SourceCodePro(0)/m/n' will be
(Font)              scaled to size 8.00003pt on input line 842.
[27]
Missing character: There is no  (U+1D6F7) in font Palatino Linotype/OT:script=
latn;language=dflt;mapping=tex-text;!
[28]
File: livre_statistique_Phil_Jere_clean_files/figure-latex/dist6-1.pdf Graphic 
file (type pdf)
<use livre_statistique_Phil_Jere_clean_files/figure-latex/dist6-1.pdf>
File: livre_statistique_Phil_Jere_clean_files/figure-latex/dist7-1.pdf Graphic 
file (type pdf)
<use livre_statistique_Phil_Jere_clean_files/figure-latex/dist7-1.pdf>
[29]
Underfull \hbox (badness 1052) in paragraph at lines 947--948
\TU/PalatinoLinotype(0)/m/n/10.95 cet arbre est le groupe unique fusionnant tou
tes les observations, et ses branches correspondent
 []

[30]
File: livre_statistique_Phil_Jere_clean_files/figure-latex/tablvsmat-1.pdf Grap
hic file (type pdf)
<use livre_statistique_Phil_Jere_clean_files/figure-latex/tablvsmat-1.pdf>
File: images/classification/cah_frames.png Graphic file (type bmp)
<images/classification/cah_frames.png>
[31]
Underfull \hbox (badness 1661) in paragraph at lines 985--986
\TU/PalatinoLinotype(0)/m/n/10.95 bien le processus dagglomration de la class
ification ascendante hirarchique et la construction
 []

[32]
File: livre_statistique_Phil_Jere_clean_files/figure-latex/kmeans2-1.pdf Graphi
c file (type pdf)
<use livre_statistique_Phil_Jere_clean_files/figure-latex/kmeans2-1.pdf>
File: images/notes.png Graphic file (type bmp)
<images/notes.png>

Underfull \vbox (badness 1424) has occurred while \output is active []

[33]
LaTeX Font Info:    Font shape `TU/PalatinoLinotype(1)/m/n' will be
(Font)              scaled to size 9.0pt on input line 1024.
LaTeX Font Info:    Font shape `TU/PalatinoLinotype(1)/m/n' will be
(Font)              scaled to size 6.0pt on input line 1024.
LaTeX Font Info:    Font shape `TU/PalatinoLinotype(1)/m/n' will be
(Font)              scaled to size 5.0pt on input line 1024.
LaTeX Font Info:    Font shape `TU/PalatinoLinotype(1)/m/n' will be
(Font)              scaled to size 10.95pt on input line 1033.
LaTeX Font Info:    Font shape `TU/PalatinoLinotype(1)/m/n' will be
(Font)              scaled to size 7.665pt on input line 1033.
LaTeX Font Info:    Font shape `TU/PalatinoLinotype(1)/m/n' will be
(Font)              scaled to size 5.475pt on input line 1033.
File: livre_statistique_Phil_Jere_clean_files/figure-latex/kmeans3-1.pdf Graphi
c file (type pdf)
<use livre_statistique_Phil_Jere_clean_files/figure-latex/kmeans3-1.pdf>
[34]
File: livre_statistique_Phil_Jere_clean_files/figure-latex/kmeans4-1.pdf Graphi
c file (type pdf)
<use livre_statistique_Phil_Jere_clean_files/figure-latex/kmeans4-1.pdf>
[35]
LaTeX Font Info:    Font shape `TU/PalatinoLinotype(1)/m/n' will be
(Font)              scaled to size 8.0pt on input line 1104.
[36]
LaTeX Font Info:    Font shape `TU/SourceCodePro(0)/m/it' will be
(Font)              scaled to size 8.00003pt on input line 1148.
LaTeX Font Info:    Font shape `TU/SourceCodePro(0)/b/n' will be
(Font)              scaled to size 8.00003pt on input line 1186.
[37]
File: livre_statistique_Phil_Jere_clean_files/figure-latex/exampleHclust4-1.pdf
 Graphic file (type pdf)
<use livre_statistique_Phil_Jere_clean_files/figure-latex/exampleHclust4-1.pdf>

[38] [39]
LaTeX Font Info:    Font shape `TU/PalatinoLinotype(0)/b/n' will be
(Font)              scaled to size 8.0pt on input line 1339.

Underfull \hbox (badness 1275) in paragraph at lines 1397--1399
\TU/PalatinoLinotype(0)/m/n/10.95 en moyenne plus de trois quipements dont une
 pataugeoire et une aire de jeux. Il sagit
 []

[40] [41]
File: livre_statistique_Phil_Jere_clean_files/figure-latex/exampleHclust8-1.pdf
 Graphic file (type pdf)
<use livre_statistique_Phil_Jere_clean_files/figure-latex/exampleHclust8-1.pdf>

[42]
Underfull \vbox (badness 10000) detected at line 1512
 []


Underfull \vbox (badness 10000) detected at line 1512
 []

[43]
Underfull \vbox (badness 4940) has occurred while \output is active []

[44]
File: images/astuce.png Graphic file (type bmp)
<images/astuce.png>
[45] [46]
File: livre_statistique_Phil_Jere_clean_files/figure-latex/kmeansA-1.pdf Graphi
c file (type pdf)
<use livre_statistique_Phil_Jere_clean_files/figure-latex/kmeansA-1.pdf>

LaTeX Warning: Reference `fig:kmeans1' on page 47 undefined on input line 1723.


File: images/notes.png Graphic file (type bmp)
<images/notes.png>
[47] [48]
LaTeX Font Info:    Font shape `TU/SourceCodePro(0)/b/it' will be
(Font)              scaled to size 8.00003pt on input line 1817.
[49]
File: livre_statistique_Phil_Jere_clean_files/figure-latex/kmeansC-1.pdf Graphi
c file (type pdf)
<use livre_statistique_Phil_Jere_clean_files/figure-latex/kmeansC-1.pdf>

Underfull \vbox (badness 10000) has occurred while \output is active []

[50]
File: livre_statistique_Phil_Jere_clean_files/figure-latex/kmeansD-1.pdf Graphi
c file (type pdf)
<use livre_statistique_Phil_Jere_clean_files/figure-latex/kmeansD-1.pdf>
[51]
File: livre_statistique_Phil_Jere_clean_files/figure-latex/kmeansE-1.pdf Graphi
c file (type pdf)
<use livre_statistique_Phil_Jere_clean_files/figure-latex/kmeansE-1.pdf>

Underfull \vbox (badness 7486) has occurred while \output is active []

[52]
File: livre_statistique_Phil_Jere_clean_files/figure-latex/kmeansG-1.pdf Graphi
c file (type pdf)
<use livre_statistique_Phil_Jere_clean_files/figure-latex/kmeansG-1.pdf>
[53]
File: livre_statistique_Phil_Jere_clean_files/figure-latex/kmeansH-1.pdf Graphi
c file (type pdf)
<use livre_statistique_Phil_Jere_clean_files/figure-latex/kmeansH-1.pdf>
[54]
File: livre_statistique_Phil_Jere_clean_files/figure-latex/kmeansI-1.pdf Graphi
c file (type pdf)
<use livre_statistique_Phil_Jere_clean_files/figure-latex/kmeansI-1.pdf>
[55]
File: images/astuce.png Graphic file (type bmp)
<images/astuce.png>

Underfull \vbox (badness 10000) detected at line 2135
 []


Underfull \vbox (badness 10000) has occurred while \output is active []

[56]
Underfull \vbox (badness 10000) detected at line 2135
 []


Underfull \vbox (badness 10000) detected at line 2135
 []


Underfull \vbox (badness 10000) has occurred while \output is active []

[57] [58]
File: livre_statistique_Phil_Jere_clean_files/figure-latex/kmeansM-1.pdf Graphi
c file (type pdf)
<use livre_statistique_Phil_Jere_clean_files/figure-latex/kmeansM-1.pdf>
[59] [60]
LaTeX Font Info:    Font shape `TU/PalatinoLinotype(0)/b/it' will be
(Font)              scaled to size 10.95pt on input line 2247.
[61]
File: livre_statistique_Phil_Jere_clean_files/figure-latex/cmeansB-1.pdf Graphi
c file (type pdf)
<use livre_statistique_Phil_Jere_clean_files/figure-latex/cmeansB-1.pdf>
[62]
Underfull \hbox (badness 3724) in paragraph at lines 2341--2342
[]\TU/PalatinoLinotype(0)/m/n/10.95 Lobjet obtenu \TU/SourceCodePro(0)/m/n/10.
95 cmeans_resultats \TU/PalatinoLinotype(0)/m/n/10.95 contient les rsultats de
 la classification. Plus spcifiquement,
 []

[63]
File: livre_statistique_Phil_Jere_clean_files/figure-latex/cmeansD-1.pdf Graphi
c file (type pdf)
<use livre_statistique_Phil_Jere_clean_files/figure-latex/cmeansD-1.pdf>
File: livre_statistique_Phil_Jere_clean_files/figure-latex/cmeansE-1.pdf Graphi
c file (type pdf)
<use livre_statistique_Phil_Jere_clean_files/figure-latex/cmeansE-1.pdf>

Overfull \hbox (13.45451pt too wide) in paragraph at lines 2419--2420
\TU/PalatinoLinotype(0)/m/n/10.95 descriptives des diffrents groupes. Une fois
 encore, nous proposons dutiliser la fonction \TU/SourceCodePro(0)/m/n/10.95 s
ummarizeClusters
 []

[64] [65]
File: images/aller_loin.png Graphic file (type bmp)
<images/aller_loin.png>
File: livre_statistique_Phil_Jere_clean_files/figure-latex/kmeansStab3-1.pdf Gr
aphic file (type pdf)
<use livre_statistique_Phil_Jere_clean_files/figure-latex/kmeansStab3-1.pdf>
File: livre_statistique_Phil_Jere_clean_files/figure-latex/kmeansStab4-1.pdf Gr
aphic file (type pdf)
<use livre_statistique_Phil_Jere_clean_files/figure-latex/kmeansStab4-1.pdf>
File: livre_statistique_Phil_Jere_clean_files/figure-latex/kmeansStab5-1.pdf Gr
aphic file (type pdf)
<use livre_statistique_Phil_Jere_clean_files/figure-latex/kmeansStab5-1.pdf>

Overfull \vbox (0.74039pt too high) detected at line 2689
 []

[66]
Underfull \vbox (badness 10000) detected at line 2689
 []


Underfull \vbox (badness 10000) detected at line 2689
 []

[67] [68]
Underfull \vbox (badness 10000) detected at line 2689
 []


Underfull \vbox (badness 10000) detected at line 2689
 []

[69]
Underfull \vbox (badness 10000) detected at line 2689
 []


Underfull \vbox (badness 10000) detected at line 2689
 []

[70]
Underfull \vbox (badness 10000) detected at line 2689
 []


Underfull \vbox (badness 10000) detected at line 2689
 []

[71] [72] [73] [74

]
Chapitre 4.
[75] [76

]
Chapitre 5.
LaTeX Font Info:    Font shape `TU/latinmodern-math.otf(1)/m/n' will be
(Font)              scaled to size 17.32521pt on input line 2826.
LaTeX Font Info:    Font shape `TU/PalatinoLinotype(1)/m/n' will be
(Font)              scaled to size 14.4pt on input line 2826.
LaTeX Font Info:    Font shape `TU/PalatinoLinotype(1)/m/n' will be
(Font)              scaled to size 10.0pt on input line 2826.
LaTeX Font Info:    Font shape `TU/PalatinoLinotype(1)/m/n' will be
(Font)              scaled to size 7.0pt on input line 2826.
LaTeX Font Info:    Font shape `TU/latinmodern-math.otf(2)/m/n' will be
(Font)              scaled to size 17.32697pt on input line 2826.
LaTeX Font Info:    Font shape `TU/latinmodern-math.otf(3)/m/n' will be
(Font)              scaled to size 17.32344pt on input line 2826.
File: Images/Rlogo.png Graphic file (type bmp)
<Images/Rlogo.png>
File: Images/Rlogo.png Graphic file (type bmp)
<Images/Rlogo.png>
[77]
Overfull \hbox (83.9457pt too wide) in paragraph at lines 2933--2978
 [][] 
 []

LaTeX Font Info:    Font shape `TU/PalatinoLinotype(0)/b/it' will be
(Font)              scaled to size 14.4pt on input line 2981.
File: Images/Rlogo.png Graphic file (type bmp)
<Images/Rlogo.png>
[78] (./livre_statistique_Phil_Jere_clean.bbl [79] [80] [81

]) (./livre_statistique_Phil_Jere_clean.ind)
The property list \polyglossia@langsetup contains the pairs (without outer
braces):
>  {latex/script}  =>  {latin}
>  {latex/lcscript}  =>  {latin}
>  {latex/scripttag}  =>  {}
>  {latex/language}  =>  {Latex}
>  {latex/langtag}  =>  {ENG}
>  {latex/bcp47}  =>  {}
>  {latex/hyphennames}  =>  {english}
>  {latex/direction}  =>  {LR}
>  {latex/hyphenmins}  =>  {2,3}
>  {latex/frenchspacing}  =>  {false}
>  {latex/indentfirst}  =>  {false}
>  {latex/fontsetup}  =>  {true}
>  {latex/envname}  =>  {latex}
>  {latex/babelname}  =>  {latex}
>  {latex/localnumeral}  =>  {polyglossia@C@localnumeral}
>  {latex/Localnumeral}  =>  {polyglossia@C@localnumeral}
>  {french/script}  =>  {Latin}
>  {french/lcscript}  =>  {latin}
>  {french/scripttag}  =>  {}
>  {french/language}  =>  {French}
>  {french/langtag}  =>  {FRA}
>  {french/bcp47}  =>  {fr-FR}
>  {french/hyphennames}  =>  {french,francais}
>  {french/direction}  =>  {LR}
>  {french/hyphenmins}  =>  {2,2}
>  {french/frenchspacing}  =>  {true}
>  {french/indentfirst}  =>  {true}
>  {french/fontsetup}  =>  {true}
>  {french/envname}  =>  {french}
>  {french/babelname}  =>  {french}
>  {french/localnumeral}  =>  {polyglossia@C@localnumeral}
>  {french/Localnumeral}  =>  {polyglossia@C@localnumeral}.
[82] (./livre_statistique_Phil_Jere_clean.aux
LaTeX Info: Redefining \rmfamily on input line 20.
LaTeX Info: Redefining \sffamily on input line 20.
LaTeX Info: Redefining \ttfamily on input line 20.
)

LaTeX Warning: There were undefined references.

Package rerunfilecheck Info: File `livre_statistique_Phil_Jere_clean.out' has n
ot changed.
(rerunfilecheck)             Checksum: 9971F26D78014B1AD6600F265D168B4F;9772.
 ) 
Here is how much of TeX's memory you used:
 21592 strings out of 478492
 408878 string characters out of 5860186
 950705 words of memory out of 5000000
 41419 multiletter control sequences out of 15000+600000
 410692 words of font info for 142 fonts, out of 8000000 for 9000
 14 hyphenation exceptions out of 8191
 87i,16n,123p,1344b,608s stack positions out of 5000i,500n,10000p,200000b,80000s

Output written on livre_statistique_Phil_Jere_clean.pdf (82 pages).
