This is XeTeX, Version 3.141592653-2.6-0.999993 (TeX Live 2021/W32TeX) (preloaded format=xelatex 2022.3.28)  28 MAR 2022 22:00
entering extended mode
 restricted \write18 enabled.
 %&-line parsing enabled.
**MethodesQuantitScSocialesBolR.tex
(./MethodesQuantitScSocialesBolR.tex
LaTeX2e <2021-11-15> patch level 1
L3 programming layer <2022-02-24> (c:/Users/GelbJ/AppData/Roaming/TinyTeX/texmf
-dist/tex/latex/base/book.cls
Document Class: book 2021/10/04 v1.4n Standard LaTeX document class
(c:/Users/GelbJ/AppData/Roaming/TinyTeX/texmf-dist/tex/latex/base/bk11.clo
File: bk11.clo 2021/10/04 v1.4n Standard LaTeX file (size option)
)
\c@part=\count181
\c@chapter=\count182
\c@section=\count183
\c@subsection=\count184
\c@subsubsection=\count185
\c@paragraph=\count186
\c@subparagraph=\count187
\c@figure=\count188
\c@table=\count189
\abovecaptionskip=\skip47
\belowcaptionskip=\skip48
\bibindent=\dimen138
) (c:/Users/GelbJ/AppData/Roaming/TinyTeX/texmf-dist/tex/latex/lm/lmodern.sty
Package: lmodern 2015/05/01 v1.6.1 Latin Modern Fonts
LaTeX Font Info:    Overwriting symbol font `operators' in version `normal'
(Font)                  OT1/cmr/m/n --> OT1/lmr/m/n on input line 22.
LaTeX Font Info:    Overwriting symbol font `letters' in version `normal'
(Font)                  OML/cmm/m/it --> OML/lmm/m/it on input line 23.
LaTeX Font Info:    Overwriting symbol font `symbols' in version `normal'
(Font)                  OMS/cmsy/m/n --> OMS/lmsy/m/n on input line 24.
LaTeX Font Info:    Overwriting symbol font `largesymbols' in version `normal'
(Font)                  OMX/cmex/m/n --> OMX/lmex/m/n on input line 25.
LaTeX Font Info:    Overwriting symbol font `operators' in version `bold'
(Font)                  OT1/cmr/bx/n --> OT1/lmr/bx/n on input line 26.
LaTeX Font Info:    Overwriting symbol font `letters' in version `bold'
(Font)                  OML/cmm/b/it --> OML/lmm/b/it on input line 27.
LaTeX Font Info:    Overwriting symbol font `symbols' in version `bold'
(Font)                  OMS/cmsy/b/n --> OMS/lmsy/b/n on input line 28.
LaTeX Font Info:    Overwriting symbol font `largesymbols' in version `bold'
(Font)                  OMX/cmex/m/n --> OMX/lmex/m/n on input line 29.
LaTeX Font Info:    Overwriting math alphabet `\mathbf' in version `normal'
(Font)                  OT1/cmr/bx/n --> OT1/lmr/bx/n on input line 31.
LaTeX Font Info:    Overwriting math alphabet `\mathsf' in version `normal'
(Font)                  OT1/cmss/m/n --> OT1/lmss/m/n on input line 32.
LaTeX Font Info:    Overwriting math alphabet `\mathit' in version `normal'
(Font)                  OT1/cmr/m/it --> OT1/lmr/m/it on input line 33.
LaTeX Font Info:    Overwriting math alphabet `\mathtt' in version `normal'
(Font)                  OT1/cmtt/m/n --> OT1/lmtt/m/n on input line 34.
LaTeX Font Info:    Overwriting math alphabet `\mathbf' in version `bold'
(Font)                  OT1/cmr/bx/n --> OT1/lmr/bx/n on input line 35.
LaTeX Font Info:    Overwriting math alphabet `\mathsf' in version `bold'
(Font)                  OT1/cmss/bx/n --> OT1/lmss/bx/n on input line 36.
LaTeX Font Info:    Overwriting math alphabet `\mathit' in version `bold'
(Font)                  OT1/cmr/bx/it --> OT1/lmr/bx/it on input line 37.
LaTeX Font Info:    Overwriting math alphabet `\mathtt' in version `bold'
(Font)                  OT1/cmtt/m/n --> OT1/lmtt/m/n on input line 38.
)
(c:/Users/GelbJ/AppData/Roaming/TinyTeX/texmf-dist/tex/latex/amsmath/amsmath.st
y
Package: amsmath 2021/10/15 v2.17l AMS math features
\@mathmargin=\skip49
For additional information on amsmath, use the `?' option.

(c:/Users/GelbJ/AppData/Roaming/TinyTeX/texmf-dist/tex/latex/amsmath/amstext.st
y
Package: amstext 2021/08/26 v2.01 AMS text

(c:/Users/GelbJ/AppData/Roaming/TinyTeX/texmf-dist/tex/latex/amsmath/amsgen.sty
File: amsgen.sty 1999/11/30 v2.0 generic functions
\@emptytoks=\toks16
\ex@=\dimen139
))
(c:/Users/GelbJ/AppData/Roaming/TinyTeX/texmf-dist/tex/latex/amsmath/amsbsy.sty
Package: amsbsy 1999/11/29 v1.2d Bold Symbols
\pmbraise@=\dimen140
)
(c:/Users/GelbJ/AppData/Roaming/TinyTeX/texmf-dist/tex/latex/amsmath/amsopn.sty
Package: amsopn 2021/08/26 v2.02 operator names
)
\inf@bad=\count190
LaTeX Info: Redefining \frac on input line 234.
\uproot@=\count191
\leftroot@=\count192
LaTeX Info: Redefining \overline on input line 399.
\classnum@=\count193
\DOTSCASE@=\count194
LaTeX Info: Redefining \ldots on input line 496.
LaTeX Info: Redefining \dots on input line 499.
LaTeX Info: Redefining \cdots on input line 620.
\Mathstrutbox@=\box50
\strutbox@=\box51
\big@size=\dimen141
LaTeX Font Info:    Redeclaring font encoding OML on input line 743.
LaTeX Font Info:    Redeclaring font encoding OMS on input line 744.
\macc@depth=\count195
\c@MaxMatrixCols=\count196
\dotsspace@=\muskip16
\c@parentequation=\count197
\dspbrk@lvl=\count198
\tag@help=\toks17
\row@=\count199
\column@=\count266
\maxfields@=\count267
\andhelp@=\toks18
\eqnshift@=\dimen142
\alignsep@=\dimen143
\tagshift@=\dimen144
\tagwidth@=\dimen145
\totwidth@=\dimen146
\lineht@=\dimen147
\@envbody=\toks19
\multlinegap=\skip50
\multlinetaggap=\skip51
\mathdisplay@stack=\toks20
LaTeX Info: Redefining \[ on input line 2938.
LaTeX Info: Redefining \] on input line 2939.
)
(c:/Users/GelbJ/AppData/Roaming/TinyTeX/texmf-dist/tex/generic/iftex/ifxetex.st
y
Package: ifxetex 2019/10/25 v0.7 ifxetex legacy package. Use iftex instead.
(c:/Users/GelbJ/AppData/Roaming/TinyTeX/texmf-dist/tex/generic/iftex/iftex.sty
Package: iftex 2022/02/03 v1.0f TeX engine tests
))
(c:/Users/GelbJ/AppData/Roaming/TinyTeX/texmf-dist/tex/generic/iftex/ifluatex.s
ty
Package: ifluatex 2019/10/25 v1.5 ifluatex legacy package. Use iftex instead.
)
(c:/Users/GelbJ/AppData/Roaming/TinyTeX/texmf-dist/tex/latex/unicode-math/unico
de-math.sty
(c:/Users/GelbJ/AppData/Roaming/TinyTeX/texmf-dist/tex/latex/l3kernel/expl3.sty
Package: expl3 2022-02-24 L3 programming layer (loader) 

(c:/Users/GelbJ/AppData/Roaming/TinyTeX/texmf-dist/tex/latex/l3backend/l3backen
d-xetex.def
File: l3backend-xetex.def 2022-02-07 L3 backend support: XeTeX
(|extractbb --version)
\c__kernel_sys_dvipdfmx_version_int=\count268
\l__color_backend_stack_int=\count269
\g__color_backend_stack_int=\count270
\g__graphics_track_int=\count271
\l__pdf_internal_box=\box52
\g__pdf_backend_object_int=\count272
\g__pdf_backend_annotation_int=\count273
\g__pdf_backend_link_int=\count274
))
Package: unicode-math 2020/01/31 v0.8q Unicode maths in XeLaTeX and LuaLaTeX

(c:/Users/GelbJ/AppData/Roaming/TinyTeX/texmf-dist/tex/latex/unicode-math/unico
de-math-xetex.sty
Package: unicode-math-xetex 2020/01/31 v0.8q Unicode maths in XeLaTeX and LuaLa
TeX

(c:/Users/GelbJ/AppData/Roaming/TinyTeX/texmf-dist/tex/latex/l3packages/xparse/
xparse.sty
Package: xparse 2022-01-12 L3 Experimental document command parser
)
(c:/Users/GelbJ/AppData/Roaming/TinyTeX/texmf-dist/tex/latex/l3packages/l3keys2
e/l3keys2e.sty
Package: l3keys2e 2022-01-12 LaTeX2e option processing using LaTeX3 keys
)
(c:/Users/GelbJ/AppData/Roaming/TinyTeX/texmf-dist/tex/latex/fontspec/fontspec.
sty
Package: fontspec 2022/01/15 v2.8a Font selection for XeLaTeX and LuaLaTeX

(c:/Users/GelbJ/AppData/Roaming/TinyTeX/texmf-dist/tex/latex/fontspec/fontspec-
xetex.sty
Package: fontspec-xetex 2022/01/15 v2.8a Font selection for XeLaTeX and LuaLaTe
X
\l__fontspec_script_int=\count275
\l__fontspec_language_int=\count276
\l__fontspec_strnum_int=\count277
\l__fontspec_tmp_int=\count278
\l__fontspec_tmpa_int=\count279
\l__fontspec_tmpb_int=\count280
\l__fontspec_tmpc_int=\count281
\l__fontspec_em_int=\count282
\l__fontspec_emdef_int=\count283
\l__fontspec_strong_int=\count284
\l__fontspec_strongdef_int=\count285
\l__fontspec_tmpa_dim=\dimen148
\l__fontspec_tmpb_dim=\dimen149
\l__fontspec_tmpc_dim=\dimen150
(c:/Users/GelbJ/AppData/Roaming/TinyTeX/texmf-dist/tex/latex/base/fontenc.sty
Package: fontenc 2021/04/29 v2.0v Standard LaTeX package
)
(c:/Users/GelbJ/AppData/Roaming/TinyTeX/texmf-dist/tex/latex/fontspec/fontspec.
cfg))) (c:/Users/GelbJ/AppData/Roaming/TinyTeX/texmf-dist/tex/latex/base/fix-cm
.sty
Package: fix-cm 2020/11/24 v1.1t fixes to LaTeX
(c:/Users/GelbJ/AppData/Roaming/TinyTeX/texmf-dist/tex/latex/base/ts1enc.def
File: ts1enc.def 2001/06/05 v3.0e (jk/car/fm) Standard LaTeX file
LaTeX Font Info:    Redeclaring font encoding TS1 on input line 47.
))
\g__um_fam_int=\count286
\g__um_fonts_used_int=\count287
\l__um_primecount_int=\count288
\g__um_primekern_muskip=\muskip17

(c:/Users/GelbJ/AppData/Roaming/TinyTeX/texmf-dist/tex/latex/unicode-math/unico
de-math-table.tex)))

Package fontspec Info: Palatino Linotype scale = 0.8311539639799423.


Package fontspec Info: Palatino Linotype scale = 0.8311539639799423.


Package fontspec Info: Palatino Linotype scale = 0.8311539639799423.


Package fontspec Info: Palatino Linotype/B scale = 0.8311539639799423.


Package fontspec Info: Palatino Linotype/B scale = 0.8311539639799423.


Package fontspec Info: Palatino Linotype/I scale = 0.8311539639799423.


Package fontspec Info: Palatino Linotype/I scale = 0.8311539639799423.


Package fontspec Info: Palatino Linotype/BI scale = 0.8311539639799423.


Package fontspec Info: Palatino Linotype/BI scale = 0.8311539639799423.


Package fontspec Info: Font family 'PalatinoLinotype(0)' created for font
(fontspec)             'Palatino Linotype' with options
(fontspec)             [Scale=MatchLowercase,Ligatures=TeX,Scale=1].
(fontspec)              
(fontspec)              This font family consists of the following NFSS
(fontspec)             series/shapes:
(fontspec)              
(fontspec)             - 'normal' (m/n) with NFSS spec.: <->s*[1]"Palatino
(fontspec)             Linotype/OT:script=latn;language=dflt;mapping=tex-text;"

(fontspec)             - 'small caps'  (m/sc) with NFSS spec.:
(fontspec)             <->s*[1]"Palatino
(fontspec)             Linotype/OT:script=latn;language=dflt;+smcp;mapping=tex-
text;"
(fontspec)             - 'bold' (b/n) with NFSS spec.: <->s*[1]"Palatino
(fontspec)             Linotype/B/OT:script=latn;language=dflt;mapping=tex-text
;"
(fontspec)             - 'bold small caps'  (b/sc) with NFSS spec.:
(fontspec)             <->s*[1]"Palatino
(fontspec)             Linotype/B/OT:script=latn;language=dflt;+smcp;mapping=te
x-text;"
(fontspec)             - 'italic' (m/it) with NFSS spec.: <->s*[1]"Palatino
(fontspec)             Linotype/I/OT:script=latn;language=dflt;mapping=tex-text
;"
(fontspec)             - 'italic small caps'  (m/scit) with NFSS spec.:
(fontspec)             <->s*[1]"Palatino
(fontspec)             Linotype/I/OT:script=latn;language=dflt;+smcp;mapping=te
x-text;"
(fontspec)             - 'bold italic' (b/it) with NFSS spec.:
(fontspec)             <->s*[1]"Palatino
(fontspec)             Linotype/BI/OT:script=latn;language=dflt;mapping=tex-tex
t;"
(fontspec)             - 'bold italic small caps'  (b/scit) with NFSS spec.:
(fontspec)             <->s*[1]"Palatino
(fontspec)             Linotype/BI/OT:script=latn;language=dflt;+smcp;mapping=t
ex-text;"

LaTeX Font Info:    Font shape `TU/PalatinoLinotype(0)/m/n' will be
(Font)              scaled to size 10.95pt on input line 23.

Package fontspec Info: Palatino Linotype scale = 0.9999973127381585.


Package fontspec Info: Palatino Linotype scale = 0.9999973127381585.


Package fontspec Info: Palatino Linotype scale = 0.9999973127381585.


Package fontspec Info: Palatino Linotype/B scale = 0.9999973127381585.


Package fontspec Info: Palatino Linotype/B scale = 0.9999973127381585.


Package fontspec Info: Palatino Linotype/I scale = 0.9999973127381585.


Package fontspec Info: Palatino Linotype/I scale = 0.9999973127381585.


Package fontspec Info: Palatino Linotype/BI scale = 0.9999973127381585.


Package fontspec Info: Palatino Linotype/BI scale = 0.9999973127381585.


Package fontspec Info: Font family 'PalatinoLinotype(1)' created for font
(fontspec)             'Palatino Linotype' with options
(fontspec)             [Scale=MatchLowercase].
(fontspec)              
(fontspec)              This font family consists of the following NFSS
(fontspec)             series/shapes:
(fontspec)              
(fontspec)             - 'normal' (m/n) with NFSS spec.:
(fontspec)             <->s*[0.9999973127381585]"Palatino
(fontspec)             Linotype/OT:script=latn;language=dflt;"
(fontspec)             - 'small caps'  (m/sc) with NFSS spec.:
(fontspec)             <->s*[0.9999973127381585]"Palatino
(fontspec)             Linotype/OT:script=latn;language=dflt;+smcp;"
(fontspec)             - 'bold' (b/n) with NFSS spec.:
(fontspec)             <->s*[0.9999973127381585]"Palatino
(fontspec)             Linotype/B/OT:script=latn;language=dflt;"
(fontspec)             - 'bold small caps'  (b/sc) with NFSS spec.:
(fontspec)             <->s*[0.9999973127381585]"Palatino
(fontspec)             Linotype/B/OT:script=latn;language=dflt;+smcp;"
(fontspec)             - 'italic' (m/it) with NFSS spec.:
(fontspec)             <->s*[0.9999973127381585]"Palatino
(fontspec)             Linotype/I/OT:script=latn;language=dflt;"
(fontspec)             - 'italic small caps'  (m/scit) with NFSS spec.:
(fontspec)             <->s*[0.9999973127381585]"Palatino
(fontspec)             Linotype/I/OT:script=latn;language=dflt;+smcp;"
(fontspec)             - 'bold italic' (b/it) with NFSS spec.:
(fontspec)             <->s*[0.9999973127381585]"Palatino
(fontspec)             Linotype/BI/OT:script=latn;language=dflt;"
(fontspec)             - 'bold italic small caps'  (b/scit) with NFSS spec.:
(fontspec)             <->s*[0.9999973127381585]"Palatino
(fontspec)             Linotype/BI/OT:script=latn;language=dflt;+smcp;"

LaTeX Font Info:    Overwriting math alphabet `\mathrm' in version `normal'
(Font)                  OT1/lmr/m/n --> TU/PalatinoLinotype(1)/m/n on input lin
e 23.
LaTeX Font Info:    Overwriting math alphabet `\mathit' in version `normal'
(Font)                  OT1/lmr/m/it --> TU/PalatinoLinotype(1)/m/it on input l
ine 23.
LaTeX Font Info:    Overwriting math alphabet `\mathbf' in version `normal'
(Font)                  OT1/lmr/bx/n --> TU/PalatinoLinotype(1)/b/n on input li
ne 23.

Package fontspec Info: Source Code Pro scale = 1.080320387391206.


Package fontspec Info: Source Code Pro scale = 1.080320387391206.


Package fontspec Info: Source Code Pro/B scale = 1.080320387391206.


Package fontspec Info: Source Code Pro/I scale = 1.080320387391206.


Package fontspec Info: Source Code Pro/BI scale = 1.080320387391206.


Package fontspec Info: Font family 'SourceCodePro(0)' created for font 'Source
(fontspec)             Code Pro' with options
(fontspec)             [Scale=MatchLowercase,WordSpace={1,0,0},HyphenChar=None,
PunctuationSpace=WordSpace,Scale=0.8].
(fontspec)              
(fontspec)              This font family consists of the following NFSS
(fontspec)             series/shapes:
(fontspec)              
(fontspec)             - 'normal' (m/n) with NFSS spec.: <->s*[0.8]"Source
(fontspec)             Code Pro/OT:script=latn;language=dflt;"
(fontspec)             - 'small caps'  (m/sc) with NFSS spec.: 
(fontspec)             and font adjustment code:
(fontspec)             \fontdimen 2\font =1\fontdimen 2\font \fontdimen 3\font
(fontspec)             =0\fontdimen 3\font \fontdimen 4\font =0\fontdimen
(fontspec)             4\font \fontdimen 7\font =0\fontdimen 2\font
(fontspec)             \tex_hyphenchar:D \font =-1\scan_stop: 
(fontspec)             - 'bold' (b/n) with NFSS spec.: <->s*[0.8]"Source Code
(fontspec)             Pro/B/OT:script=latn;language=dflt;"
(fontspec)             - 'bold small caps'  (b/sc) with NFSS spec.: 
(fontspec)             and font adjustment code:
(fontspec)             \fontdimen 2\font =1\fontdimen 2\font \fontdimen 3\font
(fontspec)             =0\fontdimen 3\font \fontdimen 4\font =0\fontdimen
(fontspec)             4\font \fontdimen 7\font =0\fontdimen 2\font
(fontspec)             \tex_hyphenchar:D \font =-1\scan_stop: 
(fontspec)             - 'italic' (m/it) with NFSS spec.: <->s*[0.8]"Source
(fontspec)             Code Pro/I/OT:script=latn;language=dflt;"
(fontspec)             - 'italic small caps'  (m/scit) with NFSS spec.: 
(fontspec)             and font adjustment code:
(fontspec)             \fontdimen 2\font =1\fontdimen 2\font \fontdimen 3\font
(fontspec)             =0\fontdimen 3\font \fontdimen 4\font =0\fontdimen
(fontspec)             4\font \fontdimen 7\font =0\fontdimen 2\font
(fontspec)             \tex_hyphenchar:D \font =-1\scan_stop: 
(fontspec)             - 'bold italic' (b/it) with NFSS spec.:
(fontspec)             <->s*[0.8]"Source Code
(fontspec)             Pro/BI/OT:script=latn;language=dflt;"
(fontspec)             - 'bold italic small caps'  (b/scit) with NFSS spec.: 
(fontspec)             and font adjustment code:
(fontspec)             \fontdimen 2\font =1\fontdimen 2\font \fontdimen 3\font
(fontspec)             =0\fontdimen 3\font \fontdimen 4\font =0\fontdimen
(fontspec)             4\font \fontdimen 7\font =0\fontdimen 2\font
(fontspec)             \tex_hyphenchar:D \font =-1\scan_stop: 


Package fontspec Info: Source Code Pro scale = 1.080320387391206.


Package fontspec Info: Source Code Pro scale = 1.080320387391206.


Package fontspec Info: Source Code Pro/B scale = 1.080320387391206.


Package fontspec Info: Source Code Pro/I scale = 1.080320387391206.


Package fontspec Info: Source Code Pro/BI scale = 1.080320387391206.


Package fontspec Info: Font family 'SourceCodePro(1)' created for font 'Source
(fontspec)             Code Pro' with options
(fontspec)             [Scale=MatchLowercase,Scale=0.8].
(fontspec)              
(fontspec)              This font family consists of the following NFSS
(fontspec)             series/shapes:
(fontspec)              
(fontspec)             - 'normal' (m/n) with NFSS spec.: <->s*[0.8]"Source
(fontspec)             Code Pro/OT:script=latn;language=dflt;"
(fontspec)             - 'small caps'  (m/sc) with NFSS spec.: 
(fontspec)             - 'bold' (b/n) with NFSS spec.: <->s*[0.8]"Source Code
(fontspec)             Pro/B/OT:script=latn;language=dflt;"
(fontspec)             - 'bold small caps'  (b/sc) with NFSS spec.: 
(fontspec)             - 'italic' (m/it) with NFSS spec.: <->s*[0.8]"Source
(fontspec)             Code Pro/I/OT:script=latn;language=dflt;"
(fontspec)             - 'italic small caps'  (m/scit) with NFSS spec.: 
(fontspec)             - 'bold italic' (b/it) with NFSS spec.:
(fontspec)             <->s*[0.8]"Source Code
(fontspec)             Pro/BI/OT:script=latn;language=dflt;"
(fontspec)             - 'bold italic small caps'  (b/scit) with NFSS spec.: 

LaTeX Font Info:    Overwriting math alphabet `\mathtt' in version `normal'
(Font)                  OT1/lmtt/m/n --> TU/SourceCodePro(1)/m/n on input line 
24.
LaTeX Font Info:    Overwriting math alphabet `\mathtt' in version `bold'
(Font)                  OT1/lmtt/m/n --> TU/SourceCodePro(1)/b/n on input line 
24.
(c:/Users/GelbJ/AppData/Roaming/TinyTeX/texmf-dist/tex/latex/xcolor/xcolor.sty
Package: xcolor 2021/10/31 v2.13 LaTeX color extensions (UK)

(c:/Users/GelbJ/AppData/Roaming/TinyTeX/texmf-dist/tex/latex/graphics-cfg/color
.cfg
File: color.cfg 2016/01/02 v1.6 sample color configuration
)
Package xcolor Info: Driver file: xetex.def on input line 227.

(c:/Users/GelbJ/AppData/Roaming/TinyTeX/texmf-dist/tex/latex/graphics-def/xetex
.def
File: xetex.def 2021/03/18 v5.0k Graphics/color driver for xetex
)
Package xcolor Info: Model `cmy' substituted by `cmy0' on input line 1352.
Package xcolor Info: Model `RGB' extended on input line 1368.
Package xcolor Info: Model `HTML' substituted by `rgb' on input line 1370.
Package xcolor Info: Model `Hsb' substituted by `hsb' on input line 1371.
Package xcolor Info: Model `tHsb' substituted by `hsb' on input line 1372.
Package xcolor Info: Model `HSB' substituted by `hsb' on input line 1373.
Package xcolor Info: Model `Gray' substituted by `gray' on input line 1374.
Package xcolor Info: Model `wave' substituted by `hsb' on input line 1375.

(c:/Users/GelbJ/AppData/Roaming/TinyTeX/texmf-dist/tex/latex/graphics/dvipsnam.
def
File: dvipsnam.def 2016/06/17 v3.0m Driver-dependent file (DPC,SPQR)
) (c:/Users/GelbJ/AppData/Roaming/TinyTeX/texmf-dist/tex/latex/xcolor/svgnam.de
f
File: svgnam.def 2021/10/31 v2.13 Predefined colors according to SVG 1.1 (UK)
) (c:/Users/GelbJ/AppData/Roaming/TinyTeX/texmf-dist/tex/latex/xcolor/x11nam.de
f
File: x11nam.def 2021/10/31 v2.13 Predefined colors according to Unix/X11 (UK)
))
(c:/Users/GelbJ/AppData/Roaming/TinyTeX/texmf-dist/tex/latex/hyperref/hyperref.
sty
Package: hyperref 2022-02-21 v7.00n Hypertext links for LaTeX

(c:/Users/GelbJ/AppData/Roaming/TinyTeX/texmf-dist/tex/generic/ltxcmds/ltxcmds.
sty
Package: ltxcmds 2020-05-10 v1.25 LaTeX kernel commands for general use (HO)
)
(c:/Users/GelbJ/AppData/Roaming/TinyTeX/texmf-dist/tex/generic/pdftexcmds/pdfte
xcmds.sty
Package: pdftexcmds 2020-06-27 v0.33 Utility functions of pdfTeX for LuaTeX (HO
)

(c:/Users/GelbJ/AppData/Roaming/TinyTeX/texmf-dist/tex/generic/infwarerr/infwar
err.sty
Package: infwarerr 2019/12/03 v1.5 Providing info/warning/error messages (HO)
)
Package pdftexcmds Info: \pdf@primitive is available.
Package pdftexcmds Info: \pdf@ifprimitive is available.
Package pdftexcmds Info: \pdfdraftmode not found.
)
(c:/Users/GelbJ/AppData/Roaming/TinyTeX/texmf-dist/tex/latex/graphics/keyval.st
y
Package: keyval 2014/10/28 v1.15 key=value parser (DPC)
\KV@toks@=\toks21
)
(c:/Users/GelbJ/AppData/Roaming/TinyTeX/texmf-dist/tex/generic/kvsetkeys/kvsetk
eys.sty
Package: kvsetkeys 2019/12/15 v1.18 Key value parser (HO)
)
(c:/Users/GelbJ/AppData/Roaming/TinyTeX/texmf-dist/tex/generic/kvdefinekeys/kvd
efinekeys.sty
Package: kvdefinekeys 2019-12-19 v1.6 Define keys (HO)
)
(c:/Users/GelbJ/AppData/Roaming/TinyTeX/texmf-dist/tex/generic/pdfescape/pdfesc
ape.sty
Package: pdfescape 2019/12/09 v1.15 Implements pdfTeX's escape features (HO)
)
(c:/Users/GelbJ/AppData/Roaming/TinyTeX/texmf-dist/tex/latex/hycolor/hycolor.st
y
Package: hycolor 2020-01-27 v1.10 Color options for hyperref/bookmark (HO)
)
(c:/Users/GelbJ/AppData/Roaming/TinyTeX/texmf-dist/tex/latex/letltxmacro/letltx
macro.sty
Package: letltxmacro 2019/12/03 v1.6 Let assignment for LaTeX macros (HO)
)
(c:/Users/GelbJ/AppData/Roaming/TinyTeX/texmf-dist/tex/latex/auxhook/auxhook.st
y
Package: auxhook 2019-12-17 v1.6 Hooks for auxiliary files (HO)
)
(c:/Users/GelbJ/AppData/Roaming/TinyTeX/texmf-dist/tex/latex/kvoptions/kvoption
s.sty
Package: kvoptions 2020-10-07 v3.14 Key value format for package options (HO)
)
\@linkdim=\dimen151
\Hy@linkcounter=\count289
\Hy@pagecounter=\count290

(c:/Users/GelbJ/AppData/Roaming/TinyTeX/texmf-dist/tex/latex/hyperref/pd1enc.de
f
File: pd1enc.def 2022-02-21 v7.00n Hyperref: PDFDocEncoding definition (HO)
)
(c:/Users/GelbJ/AppData/Roaming/TinyTeX/texmf-dist/tex/generic/intcalc/intcalc.
sty
Package: intcalc 2019/12/15 v1.3 Expandable calculations with integers (HO)
)
(c:/Users/GelbJ/AppData/Roaming/TinyTeX/texmf-dist/tex/generic/etexcmds/etexcmd
s.sty
Package: etexcmds 2019/12/15 v1.7 Avoid name clashes with e-TeX commands (HO)
)
\Hy@SavedSpaceFactor=\count291

(c:/Users/GelbJ/AppData/Roaming/TinyTeX/texmf-dist/tex/latex/hyperref/puenc.def
File: puenc.def 2022-02-21 v7.00n Hyperref: PDF Unicode definition (HO)
)
Package hyperref Info: Option `unicode' set `true' on input line 4018.
Package hyperref Info: Hyper figures OFF on input line 4137.
Package hyperref Info: Link nesting OFF on input line 4142.
Package hyperref Info: Hyper index ON on input line 4145.
Package hyperref Info: Plain pages OFF on input line 4152.
Package hyperref Info: Backreferencing OFF on input line 4157.
Package hyperref Info: Implicit mode ON; LaTeX internals redefined.
Package hyperref Info: Bookmarks ON on input line 4390.
\c@Hy@tempcnt=\count292
(c:/Users/GelbJ/AppData/Roaming/TinyTeX/texmf-dist/tex/latex/url/url.sty
\Urlmuskip=\muskip18
Package: url 2013/09/16  ver 3.4  Verb mode for urls, etc.
)
LaTeX Info: Redefining \url on input line 4749.
\XeTeXLinkMargin=\dimen152

(c:/Users/GelbJ/AppData/Roaming/TinyTeX/texmf-dist/tex/generic/bitset/bitset.st
y
Package: bitset 2019/12/09 v1.3 Handle bit-vector datatype (HO)

(c:/Users/GelbJ/AppData/Roaming/TinyTeX/texmf-dist/tex/generic/bigintcalc/bigin
tcalc.sty
Package: bigintcalc 2019/12/15 v1.5 Expandable calculations on big integers (HO
)
))
\Fld@menulength=\count293
\Field@Width=\dimen153
\Fld@charsize=\dimen154
Package hyperref Info: Hyper figures OFF on input line 6027.
Package hyperref Info: Link nesting OFF on input line 6032.
Package hyperref Info: Hyper index ON on input line 6035.
Package hyperref Info: backreferencing OFF on input line 6042.
Package hyperref Info: Link coloring OFF on input line 6047.
Package hyperref Info: Link coloring with OCG OFF on input line 6052.
Package hyperref Info: PDF/A mode OFF on input line 6057.
LaTeX Info: Redefining \ref on input line 6097.
LaTeX Info: Redefining \pageref on input line 6101.

(c:/Users/GelbJ/AppData/Roaming/TinyTeX/texmf-dist/tex/latex/base/atbegshi-ltx.
sty
Package: atbegshi-ltx 2021/01/10 v1.0c Emulation of the original atbegshi
package with kernel methods
)
\Hy@abspage=\count294
\c@Item=\count295
\c@Hfootnote=\count296
)
Package hyperref Info: Driver (autodetected): hxetex.

(c:/Users/GelbJ/AppData/Roaming/TinyTeX/texmf-dist/tex/latex/hyperref/hxetex.de
f
File: hxetex.def 2022-02-21 v7.00n Hyperref driver for XeTeX

(c:/Users/GelbJ/AppData/Roaming/TinyTeX/texmf-dist/tex/generic/stringenc/string
enc.sty
Package: stringenc 2019/11/29 v1.12 Convert strings between diff. encodings (HO
)
)
\pdfm@box=\box53
\c@Hy@AnnotLevel=\count297
\HyField@AnnotCount=\count298
\Fld@listcount=\count299
\c@bookmark@seq@number=\count300

(c:/Users/GelbJ/AppData/Roaming/TinyTeX/texmf-dist/tex/latex/rerunfilecheck/rer
unfilecheck.sty
Package: rerunfilecheck 2019/12/05 v1.9 Rerun checks for auxiliary files (HO)

(c:/Users/GelbJ/AppData/Roaming/TinyTeX/texmf-dist/tex/latex/base/atveryend-ltx
.sty
Package: atveryend-ltx 2020/08/19 v1.0a Emulation of the original atveryend pac
kage
with kernel methods
)
(c:/Users/GelbJ/AppData/Roaming/TinyTeX/texmf-dist/tex/generic/uniquecounter/un
iquecounter.sty
Package: uniquecounter 2019/12/15 v1.4 Provide unlimited unique counter (HO)
)
Package uniquecounter Info: New unique counter `rerunfilecheck' on input line 2
86.
)
\Hy@SectionHShift=\skip52
)
Package hyperref Info: Option `colorlinks' set `true' on input line 53.

(c:/Users/GelbJ/AppData/Roaming/TinyTeX/texmf-dist/tex/latex/geometry/geometry.
sty
Package: geometry 2020/01/02 v5.9 Page Geometry

(c:/Users/GelbJ/AppData/Roaming/TinyTeX/texmf-dist/tex/generic/iftex/ifvtex.sty
Package: ifvtex 2019/10/25 v1.7 ifvtex legacy package. Use iftex instead.
)
\Gm@cnth=\count301
\Gm@cntv=\count302
\c@Gm@tempcnt=\count303
\Gm@bindingoffset=\dimen155
\Gm@wd@mp=\dimen156
\Gm@odd@mp=\dimen157
\Gm@even@mp=\dimen158
\Gm@layoutwidth=\dimen159
\Gm@layoutheight=\dimen160
\Gm@layouthoffset=\dimen161
\Gm@layoutvoffset=\dimen162
\Gm@dimlist=\toks22
)
(c:/Users/GelbJ/AppData/Roaming/TinyTeX/texmf-dist/tex/latex/fancyvrb/fancyvrb.
sty
Package: fancyvrb 2021/12/21 4.1b verbatim text (tvz,hv)
\FV@CodeLineNo=\count304
\FV@InFile=\read2
\FV@TabBox=\box54
\c@FancyVerbLine=\count305
\FV@StepNumber=\count306
\FV@OutFile=\write3
) (c:/Users/GelbJ/AppData/Roaming/TinyTeX/texmf-dist/tex/latex/framed/framed.st
y
Package: framed 2011/10/22 v 0.96: framed or shaded text with page breaks
\OuterFrameSep=\skip53
\fb@frw=\dimen163
\fb@frh=\dimen164
\FrameRule=\dimen165
\FrameSep=\dimen166
)
(c:/Users/GelbJ/AppData/Roaming/TinyTeX/texmf-dist/tex/latex/tools/longtable.st
y
Package: longtable 2021-09-01 v4.17 Multi-page Table package (DPC)
\LTleft=\skip54
\LTright=\skip55
\LTpre=\skip56
\LTpost=\skip57
\LTchunksize=\count307
\LTcapwidth=\dimen167
\LT@head=\box55
\LT@firsthead=\box56
\LT@foot=\box57
\LT@lastfoot=\box58
\LT@gbox=\box59
\LT@cols=\count308
\LT@rows=\count309
\c@LT@tables=\count310
\c@LT@chunks=\count311
\LT@p@ftn=\toks23
)
(c:/Users/GelbJ/AppData/Roaming/TinyTeX/texmf-dist/tex/latex/booktabs/booktabs.
sty
Package: booktabs 2020/01/12 v1.61803398 Publication quality tables
\heavyrulewidth=\dimen168
\lightrulewidth=\dimen169
\cmidrulewidth=\dimen170
\belowrulesep=\dimen171
\belowbottomsep=\dimen172
\aboverulesep=\dimen173
\abovetopsep=\dimen174
\cmidrulesep=\dimen175
\cmidrulekern=\dimen176
\defaultaddspace=\dimen177
\@cmidla=\count312
\@cmidlb=\count313
\@aboverulesep=\dimen178
\@belowrulesep=\dimen179
\@thisruleclass=\count314
\@lastruleclass=\count315
\@thisrulewidth=\dimen180
) (c:/Users/GelbJ/AppData/Roaming/TinyTeX/texmf-dist/tex/latex/tools/calc.sty
Package: calc 2017/05/25 v4.3 Infix arithmetic (KKT,FJ)
\calc@Acount=\count316
\calc@Bcount=\count317
\calc@Adimen=\dimen181
\calc@Bdimen=\dimen182
\calc@Askip=\skip58
\calc@Bskip=\skip59
LaTeX Info: Redefining \setlength on input line 80.
LaTeX Info: Redefining \addtolength on input line 81.
\calc@Ccount=\count318
\calc@Cskip=\skip60
)
(c:/Users/GelbJ/AppData/Roaming/TinyTeX/texmf-dist/tex/latex/etoolbox/etoolbox.
sty
Package: etoolbox 2020/10/05 v2.5k e-TeX tools for LaTeX (JAW)
\etb@tempcnta=\count319
)
(c:/Users/GelbJ/AppData/Roaming/TinyTeX/texmf-dist/tex/latex/mdwtools/footnote.
sty
Package: footnote 1997/01/28 1.13 Save footnotes around boxes
\fn@notes=\box60
\fn@width=\dimen183
)
(c:/Users/GelbJ/AppData/Roaming/TinyTeX/texmf-dist/tex/latex/graphics/graphicx.
sty
Package: graphicx 2021/09/16 v1.2d Enhanced LaTeX Graphics (DPC,SPQR)

(c:/Users/GelbJ/AppData/Roaming/TinyTeX/texmf-dist/tex/latex/graphics/graphics.
sty
Package: graphics 2021/03/04 v1.4d Standard LaTeX Graphics (DPC,SPQR)
(c:/Users/GelbJ/AppData/Roaming/TinyTeX/texmf-dist/tex/latex/graphics/trig.sty
Package: trig 2021/08/11 v1.11 sin cos tan (DPC)
)
(c:/Users/GelbJ/AppData/Roaming/TinyTeX/texmf-dist/tex/latex/graphics-cfg/graph
ics.cfg
File: graphics.cfg 2016/06/04 v1.11 sample graphics configuration
)
Package graphics Info: Driver file: xetex.def on input line 107.
)
\Gin@req@height=\dimen184
\Gin@req@width=\dimen185
) (c:/Users/GelbJ/AppData/Roaming/TinyTeX/texmf-dist/tex/latex/float/float.sty
Package: float 2001/11/08 v1.3d Float enhancements (AL)
\c@float@type=\count320
\float@exts=\toks24
\float@box=\box61
\@float@everytoks=\toks25
\@floatcapt=\box62
)
(c:/Users/GelbJ/AppData/Roaming/TinyTeX/texmf-dist/tex/latex/caption/caption.st
y
Package: caption 2022/03/01 v3.6b Customizing captions (AR)

(c:/Users/GelbJ/AppData/Roaming/TinyTeX/texmf-dist/tex/latex/caption/caption3.s
ty
Package: caption3 2022/03/17 v2.3b caption3 kernel (AR)
\caption@tempdima=\dimen186
\captionmargin=\dimen187
\caption@leftmargin=\dimen188
\caption@rightmargin=\dimen189
\caption@width=\dimen190
\caption@indent=\dimen191
\caption@parindent=\dimen192
\caption@hangindent=\dimen193
Package caption Info: Standard document class detected.
)
\c@caption@flags=\count321
\c@continuedfloat=\count322
Package caption Info: float package is loaded.
Package caption Info: hyperref package is loaded.
Package caption Info: longtable package is loaded.

(c:/Users/GelbJ/AppData/Roaming/TinyTeX/texmf-dist/tex/latex/caption/ltcaption.
sty
Package: ltcaption 2021/01/08 v1.4c longtable captions (AR)
))
(c:/Users/GelbJ/AppData/Roaming/TinyTeX/texmf-dist/tex/latex/fancyhdr/fancyhdr.
sty
Package: fancyhdr 2021/01/28 v4.0.1 Extensive control of page headers and foote
rs
\f@nch@headwidth=\skip61
\f@nch@O@elh=\skip62
\f@nch@O@erh=\skip63
\f@nch@O@olh=\skip64
\f@nch@O@orh=\skip65
\f@nch@O@elf=\skip66
\f@nch@O@erf=\skip67
\f@nch@O@olf=\skip68
\f@nch@O@orf=\skip69
)
(c:/Users/GelbJ/AppData/Roaming/TinyTeX/texmf-dist/tex/latex/titling/titling.st
y
Package: titling 2009/09/04 v2.1d maketitle typesetting
\thanksmarkwidth=\skip70
\thanksmargin=\skip71
\droptitle=\skip72
)

Package fontspec Info: Lucida Console scale = 0.9778995361793263.


Package fontspec Info: Could not resolve font "Lucida Console/BI" (it probably
(fontspec)             doesn't exist).


Package fontspec Info: Could not resolve font "Lucida Console/B" (it probably
(fontspec)             doesn't exist).


Package fontspec Info: Could not resolve font "Lucida Console/I" (it probably
(fontspec)             doesn't exist).


Package fontspec Info: Lucida Console scale = 0.9778995361793263.


Package fontspec Info: Font family 'LucidaConsole(0)' created for font 'Lucida
(fontspec)             Console' with options [Scale=MatchLowercase].
(fontspec)              
(fontspec)              This font family consists of the following NFSS
(fontspec)             series/shapes:
(fontspec)              
(fontspec)             - 'normal' (m/n) with NFSS spec.:
(fontspec)             <->s*[0.9778995361793263]"Lucida
(fontspec)             Console/OT:script=latn;language=dflt;"
(fontspec)             - 'small caps'  (m/sc) with NFSS spec.: 

(c:/Users/GelbJ/AppData/Roaming/TinyTeX/texmf-dist/tex/latex/base/makeidx.sty
Package: makeidx 2021/10/04 v1.0m Standard LaTeX package
)
\@indexfile=\write4
\openout4 = `MethodesQuantitScSocialesBolR.idx'.

Writing index file MethodesQuantitScSocialesBolR.idx
(c:/Users/GelbJ/AppData/Roaming/TinyTeX/texmf-dist/tex/latex/amscls/amsthm.sty
Package: amsthm 2020/05/29 v2.20.6
\thm@style=\toks26
\thm@bodyfont=\toks27
\thm@headfont=\toks28
\thm@notefont=\toks29
\thm@headpunct=\toks30
\thm@preskip=\skip73
\thm@postskip=\skip74
\thm@headsep=\skip75
\dth@everypar=\toks31
) (c:/Users/GelbJ/AppData/Roaming/TinyTeX/texmf-dist/tex/latex/base/flafter.sty
Package: flafter 2021/07/31 v1.4e Standard LaTeX floats after reference (FMi)
Applying: [2015/01/01] float order in 2-column on input line 49.
Already applied: [0000/00/00] float order in 2-column on input line 151.
) (c:/Users/GelbJ/AppData/Roaming/TinyTeX/texmf-dist/tex/latex/tools/array.sty
Package: array 2021/10/04 v2.5f Tabular extension package (FMi)
\col@sep=\dimen194
\ar@mcellbox=\box63
\extrarowheight=\dimen195
\NC@list=\toks32
\extratabsurround=\skip76
\backup@length=\skip77
\ar@cellbox=\box64
)
(c:/Users/GelbJ/AppData/Roaming/TinyTeX/texmf-dist/tex/latex/multirow/multirow.
sty
Package: multirow 2021/03/15 v2.8 Span multiple rows of a table
\multirow@colwidth=\skip78
\multirow@cntb=\count323
\multirow@dima=\skip79
\bigstrutjot=\dimen196
)
(c:/Users/GelbJ/AppData/Roaming/TinyTeX/texmf-dist/tex/latex/wrapfig/wrapfig.st
y
\wrapoverhang=\dimen197
\WF@size=\dimen198
\c@WF@wrappedlines=\count324
\WF@box=\box65
\WF@everypar=\toks33
Package: wrapfig 2003/01/31  v 3.6
)
(c:/Users/GelbJ/AppData/Roaming/TinyTeX/texmf-dist/tex/latex/colortbl/colortbl.
sty
Package: colortbl 2020/01/04 v1.0e Color table columns (DPC)
\everycr=\toks34
\minrowclearance=\skip80
)
(c:/Users/GelbJ/AppData/Roaming/TinyTeX/texmf-dist/tex/latex/pdflscape/pdflscap
e.sty
Package: pdflscape 2019/12/05 v0.12 Display of landscape pages in PDF (HO)

(c:/Users/GelbJ/AppData/Roaming/TinyTeX/texmf-dist/tex/latex/graphics/lscape.st
y
Package: lscape 2020/05/28 v3.02 Landscape Pages (DPC)
)
Package pdflscape Info: Auto-detected driver: dvipdfm (xetex) on input line 98.

) (c:/Users/GelbJ/AppData/Roaming/TinyTeX/texmf-dist/tex/latex/tabu/tabu.sty
Package: tabu 2019/01/11 v2.9 - flexible LaTeX tabulars (FC+tabu-fixed)

(c:/Users/GelbJ/AppData/Roaming/TinyTeX/texmf-dist/tex/latex/varwidth/varwidth.
sty
Package: varwidth 2009/03/30 ver 0.92;  Variable-width minipages
\@vwid@box=\box66
\sift@deathcycles=\count325
\@vwid@loff=\dimen199
\@vwid@roff=\dimen256
)
\c@taburow=\count326
\tabu@nbcols=\count327
\tabu@cnt=\count328
\tabu@Xcol=\count329
\tabu@alloc=\count330
\tabu@nested=\count331
\tabu@target=\dimen257
\tabu@spreadtarget=\dimen258
\tabu@naturalX=\dimen259
\tabucolX=\dimen260
\tabu@Xsum=\dimen261
\extrarowdepth=\dimen262
\abovetabulinesep=\dimen263
\belowtabulinesep=\dimen264
\tabustrutrule=\dimen265
\tabu@thebody=\toks35
\tabu@footnotes=\toks36
\tabu@box=\box67
\tabu@arstrutbox=\box68
\tabu@hleads=\box69
\tabu@vleads=\box70
\tabu@cellskip=\skip81
)
(c:/Users/GelbJ/AppData/Roaming/TinyTeX/texmf-dist/tex/latex/threeparttable/thr
eeparttable.sty
Package: threeparttable 2003/06/13  v 3.0
\@tempboxb=\box71
)
(c:/Users/GelbJ/AppData/Roaming/TinyTeX/texmf-dist/tex/latex/threeparttablex/th
reeparttablex.sty
Package: threeparttablex 2013/07/23 v0.3 by daleif

(c:/Users/GelbJ/AppData/Roaming/TinyTeX/texmf-dist/tex/latex/environ/environ.st
y
Package: environ 2014/05/04 v0.3 A new way to define environments

(c:/Users/GelbJ/AppData/Roaming/TinyTeX/texmf-dist/tex/latex/trimspaces/trimspa
ces.sty
Package: trimspaces 2009/09/17 v1.1 Trim spaces around a token list
))
\TPTL@width=\skip82
) (c:/Users/GelbJ/AppData/Roaming/TinyTeX/texmf-dist/tex/generic/ulem/ulem.sty
\UL@box=\box72
\UL@hyphenbox=\box73
\UL@skip=\skip83
\UL@hook=\toks37
\UL@height=\dimen266
\UL@pe=\count332
\UL@pixel=\dimen267
\ULC@box=\box74
Package: ulem 2019/11/18
\ULdepth=\dimen268
)
(c:/Users/GelbJ/AppData/Roaming/TinyTeX/texmf-dist/tex/latex/makecell/makecell.
sty
Package: makecell 2009/08/03 V0.1e Managing of Tab Column Heads and Cells
\rotheadsize=\dimen269
\c@nlinenum=\count333
\TeXr@lab=\toks38
)
(c:/Users/GelbJ/AppData/Roaming/TinyTeX/texmf-dist/tex/latex/polyglossia/polygl
ossia.sty
Package: polyglossia 2021/04/12 v1.53 Modern multilingual typesetting with XeLa
TeX and LuaLaTeX

(c:/Users/GelbJ/AppData/Roaming/TinyTeX/texmf-dist/tex/latex/makecmds/makecmds.
sty
Package: makecmds 2009/09/03 v1.0a extra command making commands
)
(c:/Users/GelbJ/AppData/Roaming/TinyTeX/texmf-dist/tex/latex/xkeyval/xkeyval.st
y
Package: xkeyval 2020/11/20 v2.8 package option processing (HA)

(c:/Users/GelbJ/AppData/Roaming/TinyTeX/texmf-dist/tex/generic/xkeyval/xkeyval.
tex
(c:/Users/GelbJ/AppData/Roaming/TinyTeX/texmf-dist/tex/generic/xkeyval/xkvutils
.tex
\XKV@toks=\toks39
\XKV@tempa@toks=\toks40
)
\XKV@depth=\count334
File: xkeyval.tex 2014/12/03 v2.7a key=value parser (HA)
))

LaTeX hooks Warning: Generic hook 'file/after/tracklang.sty' is deprecated.
(hooks)              Use hook 'file/tracklang.sty/after' instead.


LaTeX hooks Warning: Generic hook 'package/after/bidi' is deprecated.
(hooks)              Use hook 'package/bidi/after' instead.


LaTeX hooks Warning: Generic hook 'package/after/luabidi' is deprecated.
(hooks)              Use hook 'package/luabidi/after' instead.

\xpg@normalclass=\XeTeXcharclass1

(c:/Users/GelbJ/AppData/Roaming/TinyTeX/texmf-dist/tex/latex/polyglossia/gloss-
latex.ldf
File: gloss-latex.ldf polyglossia: module for default language
The property list \polyglossia@langsetup contains the pairs (without outer
braces):
>  {latex/script}  =>  {latin}
>  {latex/lcscript}  =>  {latin}
>  {latex/scripttag}  =>  {}
>  {latex/language}  =>  {Latex}
>  {latex/langtag}  =>  {ENG}
>  {latex/bcp47}  =>  {}
>  {latex/hyphennames}  =>  {english}
>  {latex/direction}  =>  {LR}
>  {latex/hyphenmins}  =>  {2,3}
>  {latex/frenchspacing}  =>  {false}
>  {latex/indentfirst}  =>  {false}
>  {latex/fontsetup}  =>  {true}
>  {latex/envname}  =>  {latex}
>  {latex/babelname}  =>  {latex}
>  {latex/localnumeral}  =>  {polyglossia@C@localnumeral}
>  {latex/Localnumeral}  =>  {polyglossia@C@localnumeral}.
)
Package polyglossia Info: Default language is latex.
)
(c:/Users/GelbJ/AppData/Roaming/TinyTeX/texmf-dist/tex/latex/polyglossia/gloss-
french.ldf
File: gloss-french.ldf polyglossia: module for french
The property list \polyglossia@langsetup contains the pairs (without outer
braces):
>  {latex/script}  =>  {latin}
>  {latex/lcscript}  =>  {latin}
>  {latex/scripttag}  =>  {}
>  {latex/language}  =>  {Latex}
>  {latex/langtag}  =>  {ENG}
>  {latex/bcp47}  =>  {}
>  {latex/hyphennames}  =>  {english}
>  {latex/direction}  =>  {LR}
>  {latex/hyphenmins}  =>  {2,3}
>  {latex/frenchspacing}  =>  {false}
>  {latex/indentfirst}  =>  {false}
>  {latex/fontsetup}  =>  {true}
>  {latex/envname}  =>  {latex}
>  {latex/babelname}  =>  {latex}
>  {latex/localnumeral}  =>  {polyglossia@C@localnumeral}
>  {latex/Localnumeral}  =>  {polyglossia@C@localnumeral}
>  {french/script}  =>  {Latin}
>  {french/lcscript}  =>  {latin}
>  {french/scripttag}  =>  {}
>  {french/language}  =>  {French}
>  {french/langtag}  =>  {FRA}
>  {french/bcp47}  =>  {fr-FR}
>  {french/hyphennames}  =>  {french,francais}
>  {french/direction}  =>  {LR}
>  {french/hyphenmins}  =>  {2,2}
>  {french/frenchspacing}  =>  {true}
>  {french/indentfirst}  =>  {true}
>  {french/fontsetup}  =>  {true}
>  {french/envname}  =>  {french}
>  {french/babelname}  =>  {french}
>  {french/localnumeral}  =>  {polyglossia@C@localnumeral}
>  {french/Localnumeral}  =>  {polyglossia@C@localnumeral}.
\french@openbrackets=\XeTeXcharclass2
\french@closebrackets=\XeTeXcharclass3
\french@questionexclamation=\XeTeXcharclass4
\french@punctthin=\XeTeXcharclass5
\french@punctthick=\XeTeXcharclass6
\french@punctguillstart=\XeTeXcharclass7
\french@punctguillend=\XeTeXcharclass8
Package polyglossia Info: Option: French, variant=french.
)
Package polyglossia Info: Default language is french.
\cslhangindent=\skip84
\csllabelwidth=\skip85
(./MethodesQuantitScSocialesBolR.aux
LaTeX Info: Redefining \rmfamily on input line 19.
LaTeX Info: Redefining \sffamily on input line 19.
LaTeX Info: Redefining \ttfamily on input line 19.
)
\openout1 = `MethodesQuantitScSocialesBolR.aux'.

LaTeX Font Info:    Checking defaults for OML/cmm/m/it on input line 365.
LaTeX Font Info:    ... okay on input line 365.
LaTeX Font Info:    Checking defaults for OMS/cmsy/m/n on input line 365.
LaTeX Font Info:    ... okay on input line 365.
LaTeX Font Info:    Checking defaults for OT1/cmr/m/n on input line 365.
LaTeX Font Info:    ... okay on input line 365.
LaTeX Font Info:    Checking defaults for T1/cmr/m/n on input line 365.
LaTeX Font Info:    ... okay on input line 365.
LaTeX Font Info:    Checking defaults for TS1/cmr/m/n on input line 365.
LaTeX Font Info:    ... okay on input line 365.
LaTeX Font Info:    Checking defaults for TU/lmr/m/n on input line 365.
LaTeX Font Info:    ... okay on input line 365.
LaTeX Font Info:    Checking defaults for OMX/cmex/m/n on input line 365.
LaTeX Font Info:    ... okay on input line 365.
LaTeX Font Info:    Checking defaults for U/cmr/m/n on input line 365.
LaTeX Font Info:    ... okay on input line 365.
LaTeX Font Info:    Checking defaults for PD1/pdf/m/n on input line 365.
LaTeX Font Info:    ... okay on input line 365.
LaTeX Font Info:    Checking defaults for PU/pdf/m/n on input line 365.
LaTeX Font Info:    ... okay on input line 365.
LaTeX Font Info:    Overwriting math alphabet `\mathsf' in version `normal'
(Font)                  OT1/lmss/m/n --> TU/lmss/m/n on input line 365.
LaTeX Font Info:    Overwriting math alphabet `\mathsf' in version `bold'
(Font)                  OT1/lmss/bx/n --> TU/lmss/b/n on input line 365.

Package fontspec Info: latinmodern-math scale = 1.203139397662426.


Package fontspec Info: latinmodern-math scale = 1.203139397662426.


Package fontspec Info: latinmodern-math scale = 1.203139397662426.


Package fontspec Info: Font family 'latinmodern-math.otf(0)' created for font
(fontspec)             'latinmodern-math.otf' with options
(fontspec)             [Scale=MatchLowercase,BoldItalicFont={},ItalicFont={},Sm
allCapsFont={},Script=Math,BoldFont={latinmodern-math.otf}].
(fontspec)              
(fontspec)              This font family consists of the following NFSS
(fontspec)             series/shapes:
(fontspec)              
(fontspec)             - 'normal' (m/n) with NFSS spec.:
(fontspec)             <->s*[1.203139397662426]"[latinmodern-math.otf]/OT:scrip
t=math;language=dflt;"
(fontspec)             - 'small caps'  (m/sc) with NFSS spec.: 
(fontspec)             - 'bold' (b/n) with NFSS spec.:
(fontspec)             <->s*[1.203139397662426]"[latinmodern-math.otf]/OT:scrip
t=math;language=dflt;"
(fontspec)             - 'bold small caps'  (b/sc) with NFSS spec.: 

LaTeX Font Info:    Font shape `TU/latinmodern-math.otf(0)/m/n' will be
(Font)              scaled to size 13.17438pt on input line 365.

Package fontspec Info: latinmodern-math scale = 1.203139397662426.


Package fontspec Info: latinmodern-math scale = 1.203139397662426.


Package fontspec Info: latinmodern-math scale = 1.203139397662426.


Package fontspec Info: latinmodern-math scale = 1.203139397662426.


Package fontspec Info: latinmodern-math scale = 1.203139397662426.


Package fontspec Info: Font family 'latinmodern-math.otf(1)' created for font
(fontspec)             'latinmodern-math.otf' with options
(fontspec)             [Scale=MatchLowercase,BoldItalicFont={},ItalicFont={},Sm
allCapsFont={},Script=Math,SizeFeatures={{Size=9.3075-},{Size=6.57-9.3075,Font=
latinmodern-math.otf,Style=MathScript},{Size=-6.57,Font=latinmodern-math.otf,St
yle=MathScriptScript}},BoldFont={latinmodern-math.otf}].
(fontspec)              
(fontspec)              This font family consists of the following NFSS
(fontspec)             series/shapes:
(fontspec)              
(fontspec)             - 'normal' (m/n) with NFSS spec.:
(fontspec)             <9.3075->s*[1.203139397662426]"[latinmodern-math.otf]/OT
:script=math;language=dflt;"<6.57-9.3075>s*[1.203139397662426]"[latinmodern-mat
h.otf]/OT:script=math;language=dflt;+ssty=0;"<-6.57>s*[1.203139397662426]"[lati
nmodern-math.otf]/OT:script=math;language=dflt;+ssty=1;"
(fontspec)             - 'small caps'  (m/sc) with NFSS spec.: 
(fontspec)             - 'bold' (b/n) with NFSS spec.:
(fontspec)             <->s*[1.203139397662426]"[latinmodern-math.otf]/OT:scrip
t=math;language=dflt;"
(fontspec)             - 'bold small caps'  (b/sc) with NFSS spec.: 

LaTeX Font Info:    Font shape `TU/latinmodern-math.otf(1)/m/n' will be
(Font)              scaled to size 13.17438pt on input line 365.
LaTeX Font Info:    Encoding `OT1' has changed to `TU' for symbol font
(Font)              `operators' in the math version `normal' on input line 365.

LaTeX Font Info:    Overwriting symbol font `operators' in version `normal'
(Font)                  OT1/lmr/m/n --> TU/latinmodern-math.otf(1)/m/n on input
 line 365.
LaTeX Font Info:    Encoding `OT1' has changed to `TU' for symbol font
(Font)              `operators' in the math version `bold' on input line 365.
LaTeX Font Info:    Overwriting symbol font `operators' in version `bold'
(Font)                  OT1/lmr/bx/n --> TU/latinmodern-math.otf(1)/b/n on inpu
t line 365.

Package fontspec Info: latinmodern-math scale = 1.203139397662426.


Package fontspec Info: latinmodern-math scale = 1.203259711602192.


Package fontspec Info: latinmodern-math scale = 1.203139397662426.


Package fontspec Info: latinmodern-math scale = 1.203259711602192.


Package fontspec Info: latinmodern-math scale = 1.203139397662426.


Package fontspec Info: latinmodern-math scale = 1.203259711602192.


Package fontspec Info: latinmodern-math scale = 1.203139397662426.


Package fontspec Info: latinmodern-math scale = 1.203259711602192.


Package fontspec Info: latinmodern-math scale = 1.203139397662426.


Package fontspec Info: latinmodern-math scale = 1.203259711602192.


Package fontspec Info: Font family 'latinmodern-math.otf(2)' created for font
(fontspec)             'latinmodern-math.otf' with options
(fontspec)             [Scale=MatchLowercase,BoldItalicFont={},ItalicFont={},Sm
allCapsFont={},Script=Math,SizeFeatures={{Size=9.3075-},{Size=6.57-9.3075,Font=
latinmodern-math.otf,Style=MathScript},{Size=-6.57,Font=latinmodern-math.otf,St
yle=MathScriptScript}},BoldFont={latinmodern-math.otf},ScaleAgain=1.0001,FontAd
justment={\fontdimen
(fontspec)             8\font =8.91905pt\relax \fontdimen 9\font
(fontspec)             =5.1907pt\relax \fontdimen 10\font =5.84943pt\relax
(fontspec)             \fontdimen 11\font =9.03763pt\relax \fontdimen 12\font
(fontspec)             =4.54517pt\relax \fontdimen 13\font =4.7823pt\relax
(fontspec)             \fontdimen 14\font =4.7823pt\relax \fontdimen 15\font
(fontspec)             =3.80739pt\relax \fontdimen 16\font =3.25407pt\relax
(fontspec)             \fontdimen 17\font =3.25407pt\relax \fontdimen 18\font
(fontspec)             =3.2936pt\relax \fontdimen 19\font =2.63487pt\relax
(fontspec)             \fontdimen 22\font =3.2936pt\relax \fontdimen 20\font
(fontspec)             =0pt\relax \fontdimen 21\font =0pt\relax }].
(fontspec)              
(fontspec)              This font family consists of the following NFSS
(fontspec)             series/shapes:
(fontspec)              
(fontspec)             - 'normal' (m/n) with NFSS spec.:
(fontspec)             <9.3075->s*[1.203259711602192]"[latinmodern-math.otf]/OT
:script=math;language=dflt;"<6.57-9.3075>s*[1.203259711602192]"[latinmodern-mat
h.otf]/OT:script=math;language=dflt;+ssty=0;"<-6.57>s*[1.203259711602192]"[lati
nmodern-math.otf]/OT:script=math;language=dflt;+ssty=1;"
(fontspec)             - 'small caps'  (m/sc) with NFSS spec.: 
(fontspec)             and font adjustment code:
(fontspec)             \fontdimen 8\font =8.91905pt\relax \fontdimen 9\font
(fontspec)             =5.1907pt\relax \fontdimen 10\font =5.84943pt\relax
(fontspec)             \fontdimen 11\font =9.03763pt\relax \fontdimen 12\font
(fontspec)             =4.54517pt\relax \fontdimen 13\font =4.7823pt\relax
(fontspec)             \fontdimen 14\font =4.7823pt\relax \fontdimen 15\font
(fontspec)             =3.80739pt\relax \fontdimen 16\font =3.25407pt\relax
(fontspec)             \fontdimen 17\font =3.25407pt\relax \fontdimen 18\font
(fontspec)             =3.2936pt\relax \fontdimen 19\font =2.63487pt\relax
(fontspec)             \fontdimen 22\font =3.2936pt\relax \fontdimen 20\font
(fontspec)             =0pt\relax \fontdimen 21\font =0pt\relax 
(fontspec)             - 'bold' (b/n) with NFSS spec.:
(fontspec)             <->s*[1.203259711602192]"[latinmodern-math.otf]/OT:scrip
t=math;language=dflt;"
(fontspec)             - 'bold small caps'  (b/sc) with NFSS spec.: 
(fontspec)             and font adjustment code:
(fontspec)             \fontdimen 8\font =8.91905pt\relax \fontdimen 9\font
(fontspec)             =5.1907pt\relax \fontdimen 10\font =5.84943pt\relax
(fontspec)             \fontdimen 11\font =9.03763pt\relax \fontdimen 12\font
(fontspec)             =4.54517pt\relax \fontdimen 13\font =4.7823pt\relax
(fontspec)             \fontdimen 14\font =4.7823pt\relax \fontdimen 15\font
(fontspec)             =3.80739pt\relax \fontdimen 16\font =3.25407pt\relax
(fontspec)             \fontdimen 17\font =3.25407pt\relax \fontdimen 18\font
(fontspec)             =3.2936pt\relax \fontdimen 19\font =2.63487pt\relax
(fontspec)             \fontdimen 22\font =3.2936pt\relax \fontdimen 20\font
(fontspec)             =0pt\relax \fontdimen 21\font =0pt\relax 

LaTeX Font Info:    Encoding `OMS' has changed to `TU' for symbol font
(Font)              `symbols' in the math version `normal' on input line 365.
LaTeX Font Info:    Overwriting symbol font `symbols' in version `normal'
(Font)                  OMS/lmsy/m/n --> TU/latinmodern-math.otf(2)/m/n on inpu
t line 365.
LaTeX Font Info:    Encoding `OMS' has changed to `TU' for symbol font
(Font)              `symbols' in the math version `bold' on input line 365.
LaTeX Font Info:    Overwriting symbol font `symbols' in version `bold'
(Font)                  OMS/lmsy/b/n --> TU/latinmodern-math.otf(2)/b/n on inpu
t line 365.

Package fontspec Info: latinmodern-math scale = 1.203139397662426.


Package fontspec Info: latinmodern-math scale = 1.20301908372266.


Package fontspec Info: latinmodern-math scale = 1.203139397662426.


Package fontspec Info: latinmodern-math scale = 1.20301908372266.


Package fontspec Info: latinmodern-math scale = 1.203139397662426.


Package fontspec Info: latinmodern-math scale = 1.20301908372266.


Package fontspec Info: latinmodern-math scale = 1.203139397662426.


Package fontspec Info: latinmodern-math scale = 1.20301908372266.


Package fontspec Info: latinmodern-math scale = 1.203139397662426.


Package fontspec Info: latinmodern-math scale = 1.20301908372266.


Package fontspec Info: Font family 'latinmodern-math.otf(3)' created for font
(fontspec)             'latinmodern-math.otf' with options
(fontspec)             [Scale=MatchLowercase,BoldItalicFont={},ItalicFont={},Sm
allCapsFont={},Script=Math,SizeFeatures={{Size=9.3075-},{Size=6.57-9.3075,Font=
latinmodern-math.otf,Style=MathScript},{Size=-6.57,Font=latinmodern-math.otf,St
yle=MathScriptScript}},BoldFont={latinmodern-math.otf},ScaleAgain=0.9999,FontAd
justment={\fontdimen
(fontspec)             8\font =0.52698pt\relax \fontdimen 9\font
(fontspec)             =2.63487pt\relax \fontdimen 10\font =2.20012pt\relax
(fontspec)             \fontdimen 11\font =1.46236pt\relax \fontdimen 12\font
(fontspec)             =7.90463pt\relax \fontdimen 13\font =0pt\relax }].
(fontspec)              
(fontspec)              This font family consists of the following NFSS
(fontspec)             series/shapes:
(fontspec)              
(fontspec)             - 'normal' (m/n) with NFSS spec.:
(fontspec)             <9.3075->s*[1.20301908372266]"[latinmodern-math.otf]/OT:
script=math;language=dflt;"<6.57-9.3075>s*[1.20301908372266]"[latinmodern-math.
otf]/OT:script=math;language=dflt;+ssty=0;"<-6.57>s*[1.20301908372266]"[latinmo
dern-math.otf]/OT:script=math;language=dflt;+ssty=1;"
(fontspec)             - 'small caps'  (m/sc) with NFSS spec.: 
(fontspec)             and font adjustment code:
(fontspec)             \fontdimen 8\font =0.52698pt\relax \fontdimen 9\font
(fontspec)             =2.63487pt\relax \fontdimen 10\font =2.20012pt\relax
(fontspec)             \fontdimen 11\font =1.46236pt\relax \fontdimen 12\font
(fontspec)             =7.90463pt\relax \fontdimen 13\font =0pt\relax 
(fontspec)             - 'bold' (b/n) with NFSS spec.:
(fontspec)             <->s*[1.20301908372266]"[latinmodern-math.otf]/OT:script
=math;language=dflt;"
(fontspec)             - 'bold small caps'  (b/sc) with NFSS spec.: 
(fontspec)             and font adjustment code:
(fontspec)             \fontdimen 8\font =0.52698pt\relax \fontdimen 9\font
(fontspec)             =2.63487pt\relax \fontdimen 10\font =2.20012pt\relax
(fontspec)             \fontdimen 11\font =1.46236pt\relax \fontdimen 12\font
(fontspec)             =7.90463pt\relax \fontdimen 13\font =0pt\relax 

LaTeX Font Info:    Encoding `OMX' has changed to `TU' for symbol font
(Font)              `largesymbols' in the math version `normal' on input line 3
65.
LaTeX Font Info:    Overwriting symbol font `largesymbols' in version `normal'
(Font)                  OMX/lmex/m/n --> TU/latinmodern-math.otf(3)/m/n on inpu
t line 365.
LaTeX Font Info:    Encoding `OMX' has changed to `TU' for symbol font
(Font)              `largesymbols' in the math version `bold' on input line 365
.
LaTeX Font Info:    Overwriting symbol font `largesymbols' in version `bold'
(Font)                  OMX/lmex/m/n --> TU/latinmodern-math.otf(3)/b/n on inpu
t line 365.
Package hyperref Info: Link coloring ON on input line 365.

(c:/Users/GelbJ/AppData/Roaming/TinyTeX/texmf-dist/tex/latex/hyperref/nameref.s
ty
Package: nameref 2021-04-02 v2.47 Cross-referencing by name of section

(c:/Users/GelbJ/AppData/Roaming/TinyTeX/texmf-dist/tex/latex/refcount/refcount.
sty
Package: refcount 2019/12/15 v3.6 Data extraction from label references (HO)
)
(c:/Users/GelbJ/AppData/Roaming/TinyTeX/texmf-dist/tex/generic/gettitlestring/g
ettitlestring.sty
Package: gettitlestring 2019/12/15 v1.6 Cleanup title references (HO)
)
\c@section@level=\count335
)
LaTeX Info: Redefining \ref on input line 365.
LaTeX Info: Redefining \pageref on input line 365.
LaTeX Info: Redefining \nameref on input line 365.
(./MethodesQuantitScSocialesBolR.out) (./MethodesQuantitScSocialesBolR.out)
\@outlinefile=\write5
\openout5 = `MethodesQuantitScSocialesBolR.out'.

*geometry* driver: auto-detecting
*geometry* detected driver: xetex
*geometry* verbose mode - [ preamble ] result:
* driver: xetex
* paper: <default>
* layout: <same size as paper>
* layoutoffset:(h,v)=(0.0pt,0.0pt)
* modes: twoside 
* h-part:(L,W,R)=(56.9055pt, 500.484pt, 56.9055pt)
* v-part:(T,H,B)=(56.9055pt, 681.15898pt, 56.9055pt)
* \paperwidth=614.295pt
* \paperheight=794.96999pt
* \textwidth=500.484pt
* \textheight=681.15898pt
* \oddsidemargin=-15.36449pt
* \evensidemargin=-15.36449pt
* \topmargin=-47.23828pt
* \headheight=12.0pt
* \headsep=19.8738pt
* \topskip=11.0pt
* \footskip=27.46295pt
* \marginparwidth=116.0pt
* \marginparsep=7.0pt
* \columnsep=10.0pt
* \skip\footins=10.0pt plus 4.0pt minus 2.0pt
* \hoffset=0.0pt
* \voffset=0.0pt
* \mag=1000
* \@twocolumnfalse
* \@twosidetrue
* \@mparswitchtrue
* \@reversemarginfalse
* (1in=72.27pt=25.4mm, 1cm=28.453pt)

Package caption Info: Begin \AtBeginDocument code.
Package caption Info: threeparttable package is loaded.
Package caption Info: wrapfig package is loaded.
Package caption Info: End \AtBeginDocument code.
LaTeX Info: Redefining \rmfamily on input line 365.
LaTeX Info: Redefining \sffamily on input line 365.
LaTeX Info: Redefining \ttfamily on input line 365.
LaTeX Font Info:    Font shape `TU/PalatinoLinotype(0)/m/n' will be
(Font)              scaled to size 17.28pt on input line 366.
File: images/ImageCouverture.png Graphic file (type bmp)
<images/ImageCouverture.png>
LaTeX Font Info:    Font shape `TU/PalatinoLinotype(0)/m/n' will be
(Font)              scaled to size 12.0pt on input line 366.
LaTeX Font Info:    Font shape `TU/latinmodern-math.otf(1)/m/n' will be
(Font)              scaled to size 14.43768pt on input line 366.
LaTeX Font Info:    Font shape `TU/latinmodern-math.otf(1)/m/n' will be
(Font)              scaled to size 9.62512pt on input line 366.
LaTeX Font Info:    Font shape `TU/latinmodern-math.otf(1)/m/n' will be
(Font)              scaled to size 7.21884pt on input line 366.
LaTeX Font Info:    Trying to load font information for OML+lmm on input line 3
66.
(c:/Users/GelbJ/AppData/Roaming/TinyTeX/texmf-dist/tex/latex/lm/omllmm.fd
File: omllmm.fd 2015/05/01 v1.6.1 Font defs for Latin Modern
)
LaTeX Font Info:    Font shape `TU/latinmodern-math.otf(2)/m/n' will be
(Font)              scaled to size 14.43915pt on input line 366.
LaTeX Font Info:    Font shape `TU/latinmodern-math.otf(2)/m/n' will be
(Font)              scaled to size 9.6261pt on input line 366.
LaTeX Font Info:    Font shape `TU/latinmodern-math.otf(2)/m/n' will be
(Font)              scaled to size 7.21957pt on input line 366.
LaTeX Font Info:    Font shape `TU/latinmodern-math.otf(3)/m/n' will be
(Font)              scaled to size 14.43622pt on input line 366.
LaTeX Font Info:    Font shape `TU/latinmodern-math.otf(3)/m/n' will be
(Font)              scaled to size 9.62415pt on input line 366.
LaTeX Font Info:    Font shape `TU/latinmodern-math.otf(3)/m/n' will be
(Font)              scaled to size 7.21811pt on input line 366.
[1


]
LaTeX Font Info:    Font shape `TU/PalatinoLinotype(0)/b/n' will be
(Font)              scaled to size 10.95pt on input line 380.

Underfull \hbox (badness 10000) in paragraph at lines 380--385

 []


Underfull \hbox (badness 10000) in paragraph at lines 386--387

 []

LaTeX Font Info:    Font shape `TU/PalatinoLinotype(0)/m/it' will be
(Font)              scaled to size 10.95pt on input line 388.

Underfull \hbox (badness 10000) in paragraph at lines 388--389

 []

File: images/licence_logos.png Graphic file (type bmp)
<images/licence_logos.png>
LaTeX Font Info:    Font shape `TU/PalatinoLinotype(0)/m/n' will be
(Font)              scaled to size 9.0pt on input line 413.
LaTeX Font Info:    Font shape `TU/PalatinoLinotype(0)/m/sl' in size <9> not av
ailable
(Font)              Font shape `TU/PalatinoLinotype(0)/m/it' tried instead on i
nput line 413.
LaTeX Font Info:    Font shape `TU/PalatinoLinotype(0)/m/it' will be
(Font)              scaled to size 9.0pt on input line 413.
[2]
LaTeX Font Info:    Font shape `TU/PalatinoLinotype(0)/m/n' will be
(Font)              scaled to size 24.88pt on input line 413.
LaTeX Font Info:    Font shape `TU/PalatinoLinotype(0)/b/n' will be
(Font)              scaled to size 24.88pt on input line 413.
(./MethodesQuantitScSocialesBolR.toc
LaTeX Info: Redefining \rmfamily on input line 1.
LaTeX Info: Redefining \sffamily on input line 1.
LaTeX Info: Redefining \ttfamily on input line 1.
LaTeX Font Info:    Font shape `TU/latinmodern-math.otf(1)/m/n' will be
(Font)              scaled to size 9.22206pt on input line 3.
LaTeX Font Info:    Font shape `TU/latinmodern-math.otf(1)/m/n' will be
(Font)              scaled to size 6.58719pt on input line 3.
LaTeX Font Info:    Font shape `TU/latinmodern-math.otf(2)/m/n' will be
(Font)              scaled to size 13.1757pt on input line 3.
LaTeX Font Info:    Font shape `TU/latinmodern-math.otf(2)/m/n' will be
(Font)              scaled to size 9.22299pt on input line 3.
LaTeX Font Info:    Font shape `TU/latinmodern-math.otf(2)/m/n' will be
(Font)              scaled to size 6.58786pt on input line 3.
LaTeX Font Info:    Font shape `TU/latinmodern-math.otf(3)/m/n' will be
(Font)              scaled to size 13.17303pt on input line 3.
LaTeX Font Info:    Font shape `TU/latinmodern-math.otf(3)/m/n' will be
(Font)              scaled to size 9.22112pt on input line 3.
LaTeX Font Info:    Font shape `TU/latinmodern-math.otf(3)/m/n' will be
(Font)              scaled to size 6.58652pt on input line 3.
)
\tf@toc=\write6
\openout6 = `MethodesQuantitScSocialesBolR.toc'.

[3

] [4

] (./MethodesQuantitScSocialesBolR.lot
LaTeX Info: Redefining \rmfamily on input line 1.
LaTeX Info: Redefining \sffamily on input line 1.
LaTeX Info: Redefining \ttfamily on input line 1.
)
\tf@lot=\write7
\openout7 = `MethodesQuantitScSocialesBolR.lot'.

[5] [6

] (./MethodesQuantitScSocialesBolR.lof
LaTeX Info: Redefining \rmfamily on input line 1.
LaTeX Info: Redefining \sffamily on input line 1.
LaTeX Info: Redefining \ttfamily on input line 1.
)
\tf@lof=\write8
\openout8 = `MethodesQuantitScSocialesBolR.lof'.

[7] [8

]
LaTeX Font Info:    Font shape `TU/PalatinoLinotype(0)/m/n' will be
(Font)              scaled to size 7.665pt on input line 421.
LaTeX Font Info:    Font shape `TU/latinmodern-math.otf(1)/m/n' will be
(Font)              scaled to size 10.82826pt on input line 421.
LaTeX Font Info:    Font shape `TU/latinmodern-math.otf(1)/m/n' will be
(Font)              scaled to size 6.0157pt on input line 421.
LaTeX Font Info:    Font shape `TU/latinmodern-math.otf(2)/m/n' will be
(Font)              scaled to size 10.82936pt on input line 421.
LaTeX Font Info:    Font shape `TU/latinmodern-math.otf(2)/m/n' will be
(Font)              scaled to size 6.01631pt on input line 421.
LaTeX Font Info:    Font shape `TU/latinmodern-math.otf(3)/m/n' will be
(Font)              scaled to size 10.82716pt on input line 421.
LaTeX Font Info:    Font shape `TU/latinmodern-math.otf(3)/m/n' will be
(Font)              scaled to size 6.01509pt on input line 421.
LaTeX Font Info:    Font shape `TU/PalatinoLinotype(0)/m/n' will be
(Font)              scaled to size 6.0pt on input line 421.
LaTeX Font Info:    Font shape `TU/SourceCodePro(0)/m/n' will be
(Font)              scaled to size 7.20003pt on input line 421.
LaTeX Font Info:    Font shape `TU/PalatinoLinotype(0)/m/n' will be
(Font)              scaled to size 14.4pt on input line 424.
LaTeX Font Info:    Font shape `TU/PalatinoLinotype(0)/b/n' will be
(Font)              scaled to size 14.4pt on input line 424.
LaTeX Font Info:    Font shape `TU/PalatinoLinotype(0)/b/it' will be
(Font)              scaled to size 10.95pt on input line 427.
[9]
File: images/introduction/Licence.jpg Graphic file (type bmp)
<images/introduction/Licence.jpg>
LaTeX Font Info:    Font shape `TU/PalatinoLinotype(0)/m/sc' will be
(Font)              scaled to size 10.95pt on input line 449.
LaTeX Font Info:    Font shape `TU/PalatinoLinotype(0)/b/sc' will be
(Font)              scaled to size 10.95pt on input line 449.
LaTeX Font Info:    Font shape `TU/PalatinoLinotype(0)/m/n' will be
(Font)              scaled to size 10.0pt on input line 463.
File: images/astuce.png Graphic file (type bmp)
<images/astuce.png>
LaTeX Font Info:    Font shape `TU/PalatinoLinotype(0)/b/n' will be
(Font)              scaled to size 10.0pt on input line 465.
LaTeX Font Info:    Font shape `TU/PalatinoLinotype(0)/m/it' will be
(Font)              scaled to size 10.0pt on input line 478.
[10]
LaTeX Font Info:    Font shape `TU/SourceCodePro(0)/m/n' will be
(Font)              scaled to size 8.76003pt on input line 497.
[11]
File: images/package.png Graphic file (type bmp)
<images/package.png>
LaTeX Font Info:    Font shape `TU/PalatinoLinotype(0)/b/it' will be
(Font)              scaled to size 10.0pt on input line 528.
File: images/objectif.png Graphic file (type bmp)
<images/objectif.png>
File: images/notes.png Graphic file (type bmp)
<images/notes.png>
File: images/aller_loin.png Graphic file (type bmp)
<images/aller_loin.png>
File: images/astuce.png Graphic file (type bmp)
<images/astuce.png>
File: images/attention.png Graphic file (type bmp)
<images/attention.png>
File: images/introduction/download_github.png Graphic file (type bmp)
<images/introduction/download_github.png>
[12]

LaTeX Warning: Reference `chap01' on page 13 undefined on input line 582.


LaTeX Warning: Reference `chap02' on page 13 undefined on input line 584.


LaTeX Warning: Reference `chap03' on page 13 undefined on input line 586.

[13]

LaTeX Warning: Reference `chap04' on page 14 undefined on input line 588.


LaTeX Warning: Reference `chap05' on page 14 undefined on input line 588.


LaTeX Warning: Reference `chap06' on page 14 undefined on input line 588.


LaTeX Warning: Reference `chap07' on page 14 undefined on input line 590.


LaTeX Warning: Reference `chap08' on page 14 undefined on input line 590.


LaTeX Warning: Reference `chap09' on page 14 undefined on input line 590.


LaTeX Warning: Reference `chap10' on page 14 undefined on input line 590.


LaTeX Warning: Reference `chap11' on page 14 undefined on input line 590.


LaTeX Warning: Reference `chap11' on page 14 undefined on input line 590.


LaTeX Warning: Reference `chap12' on page 14 undefined on input line 592.


LaTeX Warning: Reference `chap13' on page 14 undefined on input line 592.

[14] [15]
File: images/introduction/CargoAmbre.png Graphic file (type bmp)
<images/introduction/CargoAmbre.png>
[16] [17] [18

]
File: images/introduction/PhilJerem.jpg Graphic file (type bmp)
<images/introduction/PhilJerem.jpg>
[19] [20]
Chapitre 1.
LaTeX Font Info:    Font shape `TU/PalatinoLinotype(0)/m/n' will be
(Font)              scaled to size 20.74pt on input line 691.
LaTeX Font Info:    Font shape `TU/PalatinoLinotype(0)/b/n' will be
(Font)              scaled to size 20.74pt on input line 691.
LaTeX Font Info:    Font shape `TU/SourceCodePro(0)/m/n' will be
(Font)              scaled to size 8.00003pt on input line 699.
LaTeX Font Info:    Font shape `TU/SourceCodePro(0)/m/it' will be
(Font)              scaled to size 8.00003pt on input line 702.
[21

]
LaTeX Font Info:    Font shape `TU/PalatinoLinotype(0)/m/n' will be
(Font)              scaled to size 8.0pt on input line 723.
[22]
LaTeX Font Info:    Font shape `TU/SourceCodePro(0)/b/n' will be
(Font)              scaled to size 8.00003pt on input line 787.
[23] [24] [25] [26]
LaTeX Font Info:    Font shape `TU/PalatinoLinotype(0)/b/it' will be
(Font)              scaled to size 14.4pt on input line 931.
[27] [28] [29

] (./MethodesQuantitScSocialesBolR.ind)
The property list \polyglossia@langsetup contains the pairs (without outer
braces):
>  {latex/script}  =>  {latin}
>  {latex/lcscript}  =>  {latin}
>  {latex/scripttag}  =>  {}
>  {latex/language}  =>  {Latex}
>  {latex/langtag}  =>  {ENG}
>  {latex/bcp47}  =>  {}
>  {latex/hyphennames}  =>  {english}
>  {latex/direction}  =>  {LR}
>  {latex/hyphenmins}  =>  {2,3}
>  {latex/frenchspacing}  =>  {false}
>  {latex/indentfirst}  =>  {false}
>  {latex/fontsetup}  =>  {true}
>  {latex/envname}  =>  {latex}
>  {latex/babelname}  =>  {latex}
>  {latex/localnumeral}  =>  {polyglossia@C@localnumeral}
>  {latex/Localnumeral}  =>  {polyglossia@C@localnumeral}
>  {french/script}  =>  {Latin}
>  {french/lcscript}  =>  {latin}
>  {french/scripttag}  =>  {}
>  {french/language}  =>  {French}
>  {french/langtag}  =>  {FRA}
>  {french/bcp47}  =>  {fr-FR}
>  {french/hyphennames}  =>  {french,francais}
>  {french/direction}  =>  {LR}
>  {french/hyphenmins}  =>  {2,2}
>  {french/frenchspacing}  =>  {true}
>  {french/indentfirst}  =>  {true}
>  {french/fontsetup}  =>  {true}
>  {french/envname}  =>  {french}
>  {french/babelname}  =>  {french}
>  {french/localnumeral}  =>  {polyglossia@C@localnumeral}
>  {french/Localnumeral}  =>  {polyglossia@C@localnumeral}.
[30] (./MethodesQuantitScSocialesBolR.aux
LaTeX Info: Redefining \rmfamily on input line 19.
LaTeX Info: Redefining \sffamily on input line 19.
LaTeX Info: Redefining \ttfamily on input line 19.
)

LaTeX Warning: There were undefined references.

Package rerunfilecheck Info: File `MethodesQuantitScSocialesBolR.out' has not c
hanged.
(rerunfilecheck)             Checksum: 12C24C1DAF831C9FA1196DAE64769FA4;3299.
 ) 
Here is how much of TeX's memory you used:
 21865 strings out of 478159
 416138 string characters out of 5851923
 899740 words of memory out of 5000000
 42066 multiletter control sequences out of 15000+600000
 474772 words of font info for 120 fonts, out of 8000000 for 9000
 14 hyphenation exceptions out of 8191
 86i,12n,123p,1282b,612s stack positions out of 5000i,500n,10000p,200000b,80000s

Output written on MethodesQuantitScSocialesBolR.pdf (30 pages).
